{"D:\\project\\home_automation_node\\index.js": {"path":"D:\\project\\home_automation_node\\index.js","statementMap":{"0":{"start":{"line":7,"column":19},"end":{"line":7,"column":41}},"1":{"start":{"line":8,"column":17},"end":{"line":8,"column":37}},"2":{"start":{"line":9,"column":13},"end":{"line":9,"column":28}},"3":{"start":{"line":10,"column":0},"end":{"line":10,"column":26}},"4":{"start":{"line":11,"column":11},"end":{"line":11,"column":27}},"5":{"start":{"line":12,"column":0},"end":{"line":12,"column":21}},"6":{"start":{"line":14,"column":0},"end":{"line":14,"column":24}},"7":{"start":{"line":15,"column":0},"end":{"line":15,"column":40}},"8":{"start":{"line":17,"column":22},"end":{"line":17,"column":48}},"9":{"start":{"line":18,"column":19},"end":{"line":18,"column":46}},"10":{"start":{"line":20,"column":11},"end":{"line":20,"column":26}},"11":{"start":{"line":21,"column":24},"end":{"line":21,"column":48}},"12":{"start":{"line":23,"column":0},"end":{"line":23,"column":15}},"13":{"start":{"line":25,"column":18},"end":{"line":30,"column":2}},"14":{"start":{"line":33,"column":0},"end":{"line":33,"column":24}},"15":{"start":{"line":34,"column":0},"end":{"line":34,"column":46}},"16":{"start":{"line":39,"column":15},"end":{"line":39,"column":35}},"17":{"start":{"line":40,"column":16},"end":{"line":40,"column":25}},"18":{"start":{"line":41,"column":4},"end":{"line":41,"column":41}}},"fnMap":{"0":{"name":"onListening","decl":{"start":{"line":38,"column":9},"end":{"line":38,"column":20}},"loc":{"start":{"line":38,"column":23},"end":{"line":42,"column":1}},"line":38}},"branchMap":{},"s":{"0":1,"1":1,"2":1,"3":1,"4":1,"5":1,"6":1,"7":1,"8":1,"9":1,"10":1,"11":1,"12":1,"13":1,"14":1,"15":1,"16":0,"17":0,"18":0},"f":{"0":0},"b":{},"_coverageSchema":"1a1c01bbd47fc00a2c39e90264f33305004495a9","hash":"7ea6dcc6ced2d11744443232e6deb58f95df70e3"}
,"D:\\project\\home_automation_node\\main.js": {"path":"D:\\project\\home_automation_node\\main.js","statementMap":{"0":{"start":{"line":9,"column":12},"end":{"line":9,"column":21}},"1":{"start":{"line":13,"column":0},"end":{"line":13,"column":26}},"2":{"start":{"line":14,"column":0},"end":{"line":14,"column":16}},"3":{"start":{"line":15,"column":0},"end":{"line":15,"column":33}},"4":{"start":{"line":16,"column":0},"end":{"line":16,"column":33}},"5":{"start":{"line":17,"column":0},"end":{"line":17,"column":33}},"6":{"start":{"line":18,"column":0},"end":{"line":18,"column":37}},"7":{"start":{"line":19,"column":0},"end":{"line":19,"column":41}}},"fnMap":{},"branchMap":{},"s":{"0":1,"1":1,"2":1,"3":1,"4":1,"5":1,"6":1,"7":1},"f":{},"b":{},"_coverageSchema":"1a1c01bbd47fc00a2c39e90264f33305004495a9","hash":"0078973078dd432a81b3dea6d447adeb7cd1d420"}
,"D:\\project\\home_automation_node\\Entity\\Device.js": {"path":"D:\\project\\home_automation_node\\Entity\\Device.js","statementMap":{"0":{"start":{"line":3,"column":0},"end":{"line":68,"column":1}},"1":{"start":{"line":4,"column":19},"end":{"line":54,"column":6}},"2":{"start":{"line":56,"column":4},"end":{"line":66,"column":6}},"3":{"start":{"line":57,"column":8},"end":{"line":59,"column":11}},"4":{"start":{"line":60,"column":8},"end":{"line":62,"column":11}},"5":{"start":{"line":63,"column":8},"end":{"line":65,"column":11}},"6":{"start":{"line":67,"column":4},"end":{"line":67,"column":18}}},"fnMap":{"0":{"name":"(anonymous_0)","decl":{"start":{"line":3,"column":17},"end":{"line":3,"column":18}},"loc":{"start":{"line":3,"column":49},"end":{"line":68,"column":1}},"line":3},"1":{"name":"associate","decl":{"start":{"line":56,"column":32},"end":{"line":56,"column":41}},"loc":{"start":{"line":56,"column":50},"end":{"line":66,"column":5}},"line":56}},"branchMap":{},"s":{"0":1,"1":1,"2":1,"3":1,"4":1,"5":1,"6":1},"f":{"0":1,"1":1},"b":{},"_coverageSchema":"1a1c01bbd47fc00a2c39e90264f33305004495a9","hash":"57afaadcb57b9da7729a92374071ad1f50dd3532"}
,"D:\\project\\home_automation_node\\Entity\\Home.js": {"path":"D:\\project\\home_automation_node\\Entity\\Home.js","statementMap":{"0":{"start":{"line":3,"column":0},"end":{"line":57,"column":1}},"1":{"start":{"line":4,"column":17},"end":{"line":46,"column":6}},"2":{"start":{"line":48,"column":4},"end":{"line":55,"column":6}},"3":{"start":{"line":49,"column":8},"end":{"line":51,"column":11}},"4":{"start":{"line":52,"column":8},"end":{"line":54,"column":11}},"5":{"start":{"line":56,"column":4},"end":{"line":56,"column":16}}},"fnMap":{"0":{"name":"(anonymous_0)","decl":{"start":{"line":3,"column":17},"end":{"line":3,"column":18}},"loc":{"start":{"line":3,"column":49},"end":{"line":57,"column":1}},"line":3},"1":{"name":"associate","decl":{"start":{"line":48,"column":30},"end":{"line":48,"column":39}},"loc":{"start":{"line":48,"column":48},"end":{"line":55,"column":5}},"line":48}},"branchMap":{},"s":{"0":1,"1":1,"2":1,"3":1,"4":1,"5":1},"f":{"0":1,"1":1},"b":{},"_coverageSchema":"1a1c01bbd47fc00a2c39e90264f33305004495a9","hash":"9c3c476d044ce49c058a56e9234806f8583bb725"}
,"D:\\project\\home_automation_node\\Entity\\Room.js": {"path":"D:\\project\\home_automation_node\\Entity\\Room.js","statementMap":{"0":{"start":{"line":3,"column":0},"end":{"line":51,"column":1}},"1":{"start":{"line":4,"column":17},"end":{"line":40,"column":6}},"2":{"start":{"line":42,"column":4},"end":{"line":49,"column":6}},"3":{"start":{"line":43,"column":8},"end":{"line":45,"column":11}},"4":{"start":{"line":46,"column":8},"end":{"line":48,"column":11}},"5":{"start":{"line":50,"column":4},"end":{"line":50,"column":16}}},"fnMap":{"0":{"name":"(anonymous_0)","decl":{"start":{"line":3,"column":17},"end":{"line":3,"column":18}},"loc":{"start":{"line":3,"column":49},"end":{"line":51,"column":1}},"line":3},"1":{"name":"associate","decl":{"start":{"line":42,"column":30},"end":{"line":42,"column":39}},"loc":{"start":{"line":42,"column":48},"end":{"line":49,"column":5}},"line":42}},"branchMap":{},"s":{"0":1,"1":1,"2":1,"3":1,"4":1,"5":1},"f":{"0":1,"1":1},"b":{},"_coverageSchema":"1a1c01bbd47fc00a2c39e90264f33305004495a9","hash":"f1de11cd5fd300d608e50f76b32c56b5b5aef629"}
,"D:\\project\\home_automation_node\\Entity\\Schedule.js": {"path":"D:\\project\\home_automation_node\\Entity\\Schedule.js","statementMap":{"0":{"start":{"line":3,"column":0},"end":{"line":72,"column":1}},"1":{"start":{"line":4,"column":21},"end":{"line":57,"column":6}},"2":{"start":{"line":59,"column":4},"end":{"line":70,"column":6}},"3":{"start":{"line":61,"column":8},"end":{"line":63,"column":11}},"4":{"start":{"line":64,"column":8},"end":{"line":66,"column":11}},"5":{"start":{"line":67,"column":8},"end":{"line":69,"column":11}},"6":{"start":{"line":71,"column":4},"end":{"line":71,"column":20}}},"fnMap":{"0":{"name":"(anonymous_0)","decl":{"start":{"line":3,"column":17},"end":{"line":3,"column":18}},"loc":{"start":{"line":3,"column":49},"end":{"line":72,"column":1}},"line":3},"1":{"name":"associate","decl":{"start":{"line":59,"column":34},"end":{"line":59,"column":43}},"loc":{"start":{"line":59,"column":52},"end":{"line":70,"column":5}},"line":59}},"branchMap":{},"s":{"0":1,"1":1,"2":1,"3":1,"4":1,"5":1,"6":1},"f":{"0":1,"1":1},"b":{},"_coverageSchema":"1a1c01bbd47fc00a2c39e90264f33305004495a9","hash":"4e62bf3e1145d7089bbc8cd5575700534b106db0"}
,"D:\\project\\home_automation_node\\Entity\\User.js": {"path":"D:\\project\\home_automation_node\\Entity\\User.js","statementMap":{"0":{"start":{"line":3,"column":0},"end":{"line":63,"column":1}},"1":{"start":{"line":4,"column":17},"end":{"line":55,"column":6}},"2":{"start":{"line":57,"column":4},"end":{"line":61,"column":6}},"3":{"start":{"line":58,"column":8},"end":{"line":60,"column":11}},"4":{"start":{"line":62,"column":4},"end":{"line":62,"column":16}}},"fnMap":{"0":{"name":"(anonymous_0)","decl":{"start":{"line":3,"column":17},"end":{"line":3,"column":18}},"loc":{"start":{"line":3,"column":49},"end":{"line":63,"column":1}},"line":3},"1":{"name":"associate","decl":{"start":{"line":57,"column":30},"end":{"line":57,"column":39}},"loc":{"start":{"line":57,"column":48},"end":{"line":61,"column":5}},"line":57}},"branchMap":{},"s":{"0":1,"1":1,"2":1,"3":1,"4":1},"f":{"0":1,"1":1},"b":{},"_coverageSchema":"1a1c01bbd47fc00a2c39e90264f33305004495a9","hash":"cf7cf9534d76848c15f4af0114ea5aa80ca39045"}
,"D:\\project\\home_automation_node\\Entity\\index.js": {"path":"D:\\project\\home_automation_node\\Entity\\index.js","statementMap":{"0":{"start":{"line":1,"column":16},"end":{"line":1,"column":36}},"1":{"start":{"line":2,"column":25},"end":{"line":2,"column":38}},"2":{"start":{"line":3,"column":0},"end":{"line":3,"column":26}},"3":{"start":{"line":5,"column":9},"end":{"line":13,"column":1}},"4":{"start":{"line":15,"column":0},"end":{"line":15,"column":62}},"5":{"start":{"line":16,"column":0},"end":{"line":16,"column":62}},"6":{"start":{"line":17,"column":0},"end":{"line":17,"column":62}},"7":{"start":{"line":18,"column":0},"end":{"line":18,"column":66}},"8":{"start":{"line":19,"column":0},"end":{"line":19,"column":70}},"9":{"start":{"line":21,"column":0},"end":{"line":25,"column":3}},"10":{"start":{"line":22,"column":4},"end":{"line":24,"column":5}},"11":{"start":{"line":23,"column":8},"end":{"line":23,"column":36}},"12":{"start":{"line":26,"column":0},"end":{"line":26,"column":20}}},"fnMap":{"0":{"name":"(anonymous_0)","decl":{"start":{"line":21,"column":24},"end":{"line":21,"column":25}},"loc":{"start":{"line":21,"column":45},"end":{"line":25,"column":1}},"line":21}},"branchMap":{"0":{"loc":{"start":{"line":22,"column":4},"end":{"line":24,"column":5}},"type":"if","locations":[{"start":{"line":22,"column":4},"end":{"line":24,"column":5}},{"start":{},"end":{}}],"line":22}},"s":{"0":1,"1":1,"2":1,"3":1,"4":1,"5":1,"6":1,"7":1,"8":1,"9":1,"10":6,"11":5,"12":1},"f":{"0":6},"b":{"0":[5,1]},"_coverageSchema":"1a1c01bbd47fc00a2c39e90264f33305004495a9","hash":"ebfca30f3d986bce3f0f88db232fc929bfa02ec2"}
,"D:\\project\\home_automation_node\\Scheduler\\Subscriber.js": {"path":"D:\\project\\home_automation_node\\Scheduler\\Subscriber.js","statementMap":{"0":{"start":{"line":4,"column":24},"end":{"line":127,"column":1}},"1":{"start":{"line":5,"column":23},"end":{"line":5,"column":33}},"2":{"start":{"line":6,"column":23},"end":{"line":6,"column":33}},"3":{"start":{"line":11,"column":1},"end":{"line":15,"column":3}},"4":{"start":{"line":12,"column":3},"end":{"line":12,"column":31}},"5":{"start":{"line":13,"column":3},"end":{"line":13,"column":31}},"6":{"start":{"line":16,"column":21},"end":{"line":16,"column":23}},"7":{"start":{"line":18,"column":1},"end":{"line":126,"column":3}},"8":{"start":{"line":20,"column":10},"end":{"line":20,"column":51}},"9":{"start":{"line":21,"column":29},"end":{"line":21,"column":59}},"10":{"start":{"line":22,"column":10},"end":{"line":73,"column":13}},"11":{"start":{"line":23,"column":33},"end":{"line":23,"column":54}},"12":{"start":{"line":24,"column":31},"end":{"line":24,"column":52}},"13":{"start":{"line":26,"column":12},"end":{"line":26,"column":63}},"14":{"start":{"line":27,"column":12},"end":{"line":27,"column":57}},"15":{"start":{"line":30,"column":12},"end":{"line":50,"column":13}},"16":{"start":{"line":31,"column":31},"end":{"line":48,"column":16}},"17":{"start":{"line":32,"column":33},"end":{"line":40,"column":18}},"18":{"start":{"line":41,"column":16},"end":{"line":41,"column":76}},"19":{"start":{"line":42,"column":27},"end":{"line":45,"column":17}},"20":{"start":{"line":46,"column":16},"end":{"line":46,"column":116}},"21":{"start":{"line":47,"column":16},"end":{"line":47,"column":55}},"22":{"start":{"line":49,"column":14},"end":{"line":49,"column":43}},"23":{"start":{"line":52,"column":12},"end":{"line":72,"column":13}},"24":{"start":{"line":53,"column":29},"end":{"line":70,"column":16}},"25":{"start":{"line":54,"column":33},"end":{"line":62,"column":18}},"26":{"start":{"line":63,"column":16},"end":{"line":63,"column":76}},"27":{"start":{"line":64,"column":27},"end":{"line":67,"column":17}},"28":{"start":{"line":68,"column":16},"end":{"line":68,"column":112}},"29":{"start":{"line":69,"column":16},"end":{"line":69,"column":55}},"30":{"start":{"line":71,"column":14},"end":{"line":71,"column":41}}},"fnMap":{"0":{"name":"(anonymous_0)","decl":{"start":{"line":4,"column":24},"end":{"line":4,"column":25}},"loc":{"start":{"line":4,"column":51},"end":{"line":127,"column":1}},"line":4},"1":{"name":"(anonymous_1)","decl":{"start":{"line":11,"column":25},"end":{"line":11,"column":26}},"loc":{"start":{"line":11,"column":29},"end":{"line":15,"column":2}},"line":11},"2":{"name":"(anonymous_2)","decl":{"start":{"line":18,"column":25},"end":{"line":18,"column":26}},"loc":{"start":{"line":18,"column":42},"end":{"line":126,"column":2}},"line":18},"3":{"name":"(anonymous_3)","decl":{"start":{"line":22,"column":33},"end":{"line":22,"column":34}},"loc":{"start":{"line":22,"column":63},"end":{"line":73,"column":11}},"line":22},"4":{"name":"(anonymous_4)","decl":{"start":{"line":31,"column":55},"end":{"line":31,"column":56}},"loc":{"start":{"line":31,"column":66},"end":{"line":48,"column":15}},"line":31},"5":{"name":"(anonymous_5)","decl":{"start":{"line":53,"column":50},"end":{"line":53,"column":51}},"loc":{"start":{"line":53,"column":62},"end":{"line":70,"column":15}},"line":53}},"branchMap":{"0":{"loc":{"start":{"line":30,"column":12},"end":{"line":50,"column":13}},"type":"if","locations":[{"start":{"line":30,"column":12},"end":{"line":50,"column":13}},{"start":{},"end":{}}],"line":30},"1":{"loc":{"start":{"line":52,"column":12},"end":{"line":72,"column":13}},"type":"if","locations":[{"start":{"line":52,"column":12},"end":{"line":72,"column":13}},{"start":{},"end":{}}],"line":52}},"s":{"0":1,"1":1,"2":1,"3":1,"4":0,"5":0,"6":1,"7":1,"8":0,"9":0,"10":0,"11":0,"12":0,"13":0,"14":0,"15":0,"16":0,"17":0,"18":0,"19":0,"20":0,"21":0,"22":0,"23":0,"24":0,"25":0,"26":0,"27":0,"28":0,"29":0,"30":0},"f":{"0":1,"1":0,"2":0,"3":0,"4":0,"5":0},"b":{"0":[0,0],"1":[0,0]},"_coverageSchema":"1a1c01bbd47fc00a2c39e90264f33305004495a9","hash":"adf59c2f8702dd27573e39a49f87d372757e81cc"}
,"D:\\project\\home_automation_node\\Scheduler\\publisher.js": {"path":"D:\\project\\home_automation_node\\Scheduler\\publisher.js","statementMap":{"0":{"start":{"line":4,"column":23},"end":{"line":30,"column":1}},"1":{"start":{"line":5,"column":5},"end":{"line":28,"column":7}},"2":{"start":{"line":6,"column":6},"end":{"line":6,"column":40}},"3":{"start":{"line":8,"column":6},"end":{"line":27,"column":13}},"4":{"start":{"line":9,"column":9},"end":{"line":12,"column":13}},"5":{"start":{"line":10,"column":12},"end":{"line":10,"column":44}},"6":{"start":{"line":13,"column":30},"end":{"line":13,"column":61}},"7":{"start":{"line":14,"column":32},"end":{"line":25,"column":13}},"8":{"start":{"line":15,"column":32},"end":{"line":15,"column":57}},"9":{"start":{"line":16,"column":30},"end":{"line":16,"column":53}},"10":{"start":{"line":18,"column":31},"end":{"line":18,"column":54}},"11":{"start":{"line":19,"column":30},"end":{"line":19,"column":53}},"12":{"start":{"line":21,"column":29},"end":{"line":21,"column":50}},"13":{"start":{"line":22,"column":28},"end":{"line":22,"column":49}},"14":{"start":{"line":24,"column":13},"end":{"line":24,"column":127}},"15":{"start":{"line":26,"column":6},"end":{"line":26,"column":63}}},"fnMap":{"0":{"name":"(anonymous_0)","decl":{"start":{"line":4,"column":23},"end":{"line":4,"column":24}},"loc":{"start":{"line":4,"column":40},"end":{"line":30,"column":1}},"line":4},"1":{"name":"(anonymous_1)","decl":{"start":{"line":5,"column":29},"end":{"line":5,"column":30}},"loc":{"start":{"line":5,"column":38},"end":{"line":28,"column":6}},"line":5},"2":{"name":"(anonymous_2)","decl":{"start":{"line":8,"column":18},"end":{"line":8,"column":19}},"loc":{"start":{"line":8,"column":27},"end":{"line":27,"column":7}},"line":8},"3":{"name":"(anonymous_3)","decl":{"start":{"line":9,"column":29},"end":{"line":9,"column":30}},"loc":{"start":{"line":9,"column":39},"end":{"line":12,"column":11}},"line":9},"4":{"name":"(anonymous_4)","decl":{"start":{"line":14,"column":49},"end":{"line":14,"column":50}},"loc":{"start":{"line":14,"column":57},"end":{"line":25,"column":12}},"line":14}},"branchMap":{},"s":{"0":1,"1":1,"2":0,"3":0,"4":0,"5":0,"6":0,"7":0,"8":0,"9":0,"10":0,"11":0,"12":0,"13":0,"14":0,"15":0},"f":{"0":1,"1":0,"2":0,"3":0,"4":0},"b":{},"_coverageSchema":"1a1c01bbd47fc00a2c39e90264f33305004495a9","hash":"978fb5b24ace989ac590dc690d7b520714251704"}
,"D:\\project\\home_automation_node\\Security\\JwtAuth.js": {"path":"D:\\project\\home_automation_node\\Security\\JwtAuth.js","statementMap":{"0":{"start":{"line":2,"column":12},"end":{"line":2,"column":35}},"1":{"start":{"line":3,"column":0},"end":{"line":3,"column":26}},"2":{"start":{"line":5,"column":31},"end":{"line":20,"column":1}},"3":{"start":{"line":6,"column":18},"end":{"line":6,"column":46}},"4":{"start":{"line":7,"column":16},"end":{"line":7,"column":50}},"5":{"start":{"line":8,"column":4},"end":{"line":19,"column":5}},"6":{"start":{"line":9,"column":8},"end":{"line":9,"column":27}},"7":{"start":{"line":11,"column":8},"end":{"line":18,"column":10}},"8":{"start":{"line":12,"column":12},"end":{"line":17,"column":13}},"9":{"start":{"line":13,"column":16},"end":{"line":13,"column":35}},"10":{"start":{"line":15,"column":16},"end":{"line":15,"column":29}},"11":{"start":{"line":16,"column":16},"end":{"line":16,"column":22}}},"fnMap":{"0":{"name":"(anonymous_0)","decl":{"start":{"line":5,"column":31},"end":{"line":5,"column":32}},"loc":{"start":{"line":5,"column":47},"end":{"line":20,"column":1}},"line":5},"1":{"name":"(anonymous_1)","decl":{"start":{"line":11,"column":50},"end":{"line":11,"column":51}},"loc":{"start":{"line":11,"column":62},"end":{"line":18,"column":9}},"line":11}},"branchMap":{"0":{"loc":{"start":{"line":7,"column":16},"end":{"line":7,"column":50}},"type":"binary-expr","locations":[{"start":{"line":7,"column":16},"end":{"line":7,"column":25}},{"start":{"line":7,"column":27},"end":{"line":7,"column":50}}],"line":7},"1":{"loc":{"start":{"line":8,"column":4},"end":{"line":19,"column":5}},"type":"if","locations":[{"start":{"line":8,"column":4},"end":{"line":19,"column":5}},{"start":{"line":10,"column":11},"end":{"line":19,"column":5}}],"line":8},"2":{"loc":{"start":{"line":12,"column":12},"end":{"line":17,"column":13}},"type":"if","locations":[{"start":{"line":12,"column":12},"end":{"line":17,"column":13}},{"start":{"line":14,"column":18},"end":{"line":17,"column":13}}],"line":12}},"s":{"0":1,"1":1,"2":1,"3":0,"4":0,"5":0,"6":0,"7":0,"8":0,"9":0,"10":0,"11":0},"f":{"0":0,"1":0},"b":{"0":[0,0],"1":[0,0],"2":[0,0]},"_coverageSchema":"1a1c01bbd47fc00a2c39e90264f33305004495a9","hash":"79b3d4ca23776e08424eb35d1b11da7a9f3d9039"}
,"D:\\project\\home_automation_node\\app\\ProcessRoutes.js": {"path":"D:\\project\\home_automation_node\\app\\ProcessRoutes.js","statementMap":{"0":{"start":{"line":8,"column":4},"end":{"line":20,"column":6}},"1":{"start":{"line":9,"column":27},"end":{"line":9,"column":49}},"2":{"start":{"line":10,"column":8},"end":{"line":19,"column":9}},"3":{"start":{"line":12,"column":16},"end":{"line":12,"column":75}},"4":{"start":{"line":14,"column":16},"end":{"line":14,"column":76}},"5":{"start":{"line":16,"column":16},"end":{"line":16,"column":75}},"6":{"start":{"line":18,"column":16},"end":{"line":18,"column":78}}},"fnMap":{"0":{"name":"(anonymous_0)","decl":{"start":{"line":6,"column":15},"end":{"line":6,"column":16}},"loc":{"start":{"line":6,"column":35},"end":{"line":21,"column":1}},"line":6},"1":{"name":"(anonymous_1)","decl":{"start":{"line":8,"column":22},"end":{"line":8,"column":23}},"loc":{"start":{"line":8,"column":31},"end":{"line":20,"column":5}},"line":8}},"branchMap":{"0":{"loc":{"start":{"line":9,"column":27},"end":{"line":9,"column":49}},"type":"binary-expr","locations":[{"start":{"line":9,"column":27},"end":{"line":9,"column":43}},{"start":{"line":9,"column":47},"end":{"line":9,"column":49}}],"line":9},"1":{"loc":{"start":{"line":10,"column":8},"end":{"line":19,"column":9}},"type":"switch","locations":[{"start":{"line":11,"column":12},"end":{"line":12,"column":75}},{"start":{"line":13,"column":12},"end":{"line":14,"column":76}},{"start":{"line":15,"column":12},"end":{"line":16,"column":75}},{"start":{"line":17,"column":12},"end":{"line":18,"column":78}}],"line":10}},"s":{"0":5,"1":18,"2":18,"3":4,"4":14,"5":0,"6":0},"f":{"0":5,"1":18},"b":{"0":[18,0],"1":[4,14,0,0]},"_coverageSchema":"1a1c01bbd47fc00a2c39e90264f33305004495a9","hash":"c756617f107577068e3211ec8945bd708c5421b5"}
,"D:\\project\\home_automation_node\\app\\index.js": {"path":"D:\\project\\home_automation_node\\app\\index.js","statementMap":{"0":{"start":{"line":10,"column":17},"end":{"line":10,"column":46}},"1":{"start":{"line":11,"column":0},"end":{"line":15,"column":1}},"2":{"start":{"line":12,"column":4},"end":{"line":12,"column":56}},"3":{"start":{"line":14,"column":4},"end":{"line":14,"column":54}},"4":{"start":{"line":18,"column":17},"end":{"line":18,"column":46}},"5":{"start":{"line":19,"column":0},"end":{"line":23,"column":1}},"6":{"start":{"line":20,"column":4},"end":{"line":20,"column":56}},"7":{"start":{"line":22,"column":4},"end":{"line":22,"column":54}},"8":{"start":{"line":26,"column":17},"end":{"line":26,"column":46}},"9":{"start":{"line":27,"column":0},"end":{"line":31,"column":1}},"10":{"start":{"line":28,"column":4},"end":{"line":28,"column":56}},"11":{"start":{"line":30,"column":4},"end":{"line":30,"column":54}},"12":{"start":{"line":34,"column":19},"end":{"line":34,"column":48}},"13":{"start":{"line":35,"column":0},"end":{"line":39,"column":1}},"14":{"start":{"line":36,"column":4},"end":{"line":36,"column":62}},"15":{"start":{"line":38,"column":4},"end":{"line":38,"column":56}},"16":{"start":{"line":42,"column":21},"end":{"line":42,"column":50}},"17":{"start":{"line":43,"column":0},"end":{"line":47,"column":1}},"18":{"start":{"line":44,"column":4},"end":{"line":44,"column":68}},"19":{"start":{"line":46,"column":4},"end":{"line":46,"column":58}}},"fnMap":{},"branchMap":{"0":{"loc":{"start":{"line":11,"column":0},"end":{"line":15,"column":1}},"type":"if","locations":[{"start":{"line":11,"column":0},"end":{"line":15,"column":1}},{"start":{"line":13,"column":7},"end":{"line":15,"column":1}}],"line":11},"1":{"loc":{"start":{"line":11,"column":4},"end":{"line":11,"column":41}},"type":"binary-expr","locations":[{"start":{"line":11,"column":4},"end":{"line":11,"column":15}},{"start":{"line":11,"column":19},"end":{"line":11,"column":41}}],"line":11},"2":{"loc":{"start":{"line":19,"column":0},"end":{"line":23,"column":1}},"type":"if","locations":[{"start":{"line":19,"column":0},"end":{"line":23,"column":1}},{"start":{"line":21,"column":7},"end":{"line":23,"column":1}}],"line":19},"3":{"loc":{"start":{"line":19,"column":4},"end":{"line":19,"column":41}},"type":"binary-expr","locations":[{"start":{"line":19,"column":4},"end":{"line":19,"column":15}},{"start":{"line":19,"column":19},"end":{"line":19,"column":41}}],"line":19},"4":{"loc":{"start":{"line":27,"column":0},"end":{"line":31,"column":1}},"type":"if","locations":[{"start":{"line":27,"column":0},"end":{"line":31,"column":1}},{"start":{"line":29,"column":7},"end":{"line":31,"column":1}}],"line":27},"5":{"loc":{"start":{"line":27,"column":4},"end":{"line":27,"column":41}},"type":"binary-expr","locations":[{"start":{"line":27,"column":4},"end":{"line":27,"column":15}},{"start":{"line":27,"column":19},"end":{"line":27,"column":41}}],"line":27},"6":{"loc":{"start":{"line":35,"column":0},"end":{"line":39,"column":1}},"type":"if","locations":[{"start":{"line":35,"column":0},"end":{"line":39,"column":1}},{"start":{"line":37,"column":7},"end":{"line":39,"column":1}}],"line":35},"7":{"loc":{"start":{"line":35,"column":4},"end":{"line":35,"column":45}},"type":"binary-expr","locations":[{"start":{"line":35,"column":4},"end":{"line":35,"column":17}},{"start":{"line":35,"column":21},"end":{"line":35,"column":45}}],"line":35},"8":{"loc":{"start":{"line":43,"column":0},"end":{"line":47,"column":1}},"type":"if","locations":[{"start":{"line":43,"column":0},"end":{"line":47,"column":1}},{"start":{"line":45,"column":7},"end":{"line":47,"column":1}}],"line":43},"9":{"loc":{"start":{"line":43,"column":4},"end":{"line":43,"column":49}},"type":"binary-expr","locations":[{"start":{"line":43,"column":4},"end":{"line":43,"column":19}},{"start":{"line":43,"column":23},"end":{"line":43,"column":49}}],"line":43}},"s":{"0":1,"1":1,"2":1,"3":0,"4":1,"5":1,"6":1,"7":0,"8":1,"9":1,"10":1,"11":0,"12":1,"13":1,"14":1,"15":0,"16":1,"17":1,"18":1,"19":0},"f":{},"b":{"0":[1,0],"1":[1,1],"2":[1,0],"3":[1,1],"4":[1,0],"5":[1,1],"6":[1,0],"7":[1,1],"8":[1,0],"9":[1,1]},"_coverageSchema":"1a1c01bbd47fc00a2c39e90264f33305004495a9","hash":"4f103b643fb0a427a30cfa17f9f04822c72c1e88"}
,"D:\\project\\home_automation_node\\app\\Device\\Handler.js": {"path":"D:\\project\\home_automation_node\\app\\Device\\Handler.js","statementMap":{"0":{"start":{"line":6,"column":8},"end":{"line":13,"column":9}},"1":{"start":{"line":8,"column":16},"end":{"line":8,"column":58}},"2":{"start":{"line":11,"column":12},"end":{"line":11,"column":46}},"3":{"start":{"line":12,"column":12},"end":{"line":12,"column":110}},"4":{"start":{"line":17,"column":8},"end":{"line":23,"column":9}},"5":{"start":{"line":18,"column":23},"end":{"line":18,"column":32}},"6":{"start":{"line":19,"column":12},"end":{"line":19,"column":49}},"7":{"start":{"line":21,"column":12},"end":{"line":21,"column":51}},"8":{"start":{"line":22,"column":12},"end":{"line":22,"column":110}},"9":{"start":{"line":27,"column":8},"end":{"line":33,"column":9}},"10":{"start":{"line":28,"column":25},"end":{"line":28,"column":33}},"11":{"start":{"line":29,"column":12},"end":{"line":29,"column":49}},"12":{"start":{"line":31,"column":12},"end":{"line":31,"column":49}},"13":{"start":{"line":32,"column":12},"end":{"line":32,"column":110}},"14":{"start":{"line":37,"column":8},"end":{"line":43,"column":9}},"15":{"start":{"line":38,"column":25},"end":{"line":38,"column":33}},"16":{"start":{"line":39,"column":12},"end":{"line":39,"column":49}},"17":{"start":{"line":41,"column":12},"end":{"line":41,"column":49}},"18":{"start":{"line":42,"column":12},"end":{"line":42,"column":110}}},"fnMap":{"0":{"name":"(anonymous_0)","decl":{"start":{"line":5,"column":4},"end":{"line":5,"column":5}},"loc":{"start":{"line":5,"column":30},"end":{"line":14,"column":5}},"line":5},"1":{"name":"(anonymous_1)","decl":{"start":{"line":16,"column":4},"end":{"line":16,"column":5}},"loc":{"start":{"line":16,"column":34},"end":{"line":24,"column":5}},"line":16},"2":{"name":"(anonymous_2)","decl":{"start":{"line":26,"column":4},"end":{"line":26,"column":5}},"loc":{"start":{"line":26,"column":33},"end":{"line":34,"column":5}},"line":26},"3":{"name":"(anonymous_3)","decl":{"start":{"line":36,"column":4},"end":{"line":36,"column":5}},"loc":{"start":{"line":36,"column":33},"end":{"line":44,"column":5}},"line":36}},"branchMap":{},"s":{"0":2,"1":2,"2":2,"3":2,"4":2,"5":2,"6":2,"7":1,"8":1,"9":2,"10":2,"11":2,"12":1,"13":1,"14":2,"15":2,"16":2,"17":1,"18":1},"f":{"0":2,"1":2,"2":2,"3":2},"b":{},"_coverageSchema":"1a1c01bbd47fc00a2c39e90264f33305004495a9","hash":"e9ad55a8d19a091be661291033d53b508c3a2df1"}
,"D:\\project\\home_automation_node\\app\\Device\\Service.js": {"path":"D:\\project\\home_automation_node\\app\\Device\\Service.js","statementMap":{"0":{"start":{"line":5,"column":8},"end":{"line":28,"column":9}},"1":{"start":{"line":6,"column":65},"end":{"line":6,"column":69}},"2":{"start":{"line":7,"column":32},"end":{"line":11,"column":14}},"3":{"start":{"line":12,"column":12},"end":{"line":24,"column":13}},"4":{"start":{"line":13,"column":16},"end":{"line":13,"column":105}},"5":{"start":{"line":15,"column":32},"end":{"line":21,"column":17}},"6":{"start":{"line":22,"column":16},"end":{"line":22,"column":70}},"7":{"start":{"line":23,"column":16},"end":{"line":23,"column":110}},"8":{"start":{"line":26,"column":12},"end":{"line":26,"column":46}},"9":{"start":{"line":27,"column":12},"end":{"line":27,"column":110}},"10":{"start":{"line":32,"column":8},"end":{"line":49,"column":9}},"11":{"start":{"line":33,"column":30},"end":{"line":37,"column":13}},"12":{"start":{"line":38,"column":31},"end":{"line":44,"column":14}},"13":{"start":{"line":45,"column":12},"end":{"line":45,"column":110}},"14":{"start":{"line":47,"column":12},"end":{"line":47,"column":51}},"15":{"start":{"line":48,"column":12},"end":{"line":48,"column":110}},"16":{"start":{"line":52,"column":8},"end":{"line":75,"column":9}},"17":{"start":{"line":53,"column":80},"end":{"line":53,"column":84}},"18":{"start":{"line":54,"column":27},"end":{"line":58,"column":14}},"19":{"start":{"line":59,"column":12},"end":{"line":71,"column":13}},"20":{"start":{"line":60,"column":16},"end":{"line":60,"column":93}},"21":{"start":{"line":62,"column":32},"end":{"line":68,"column":17}},"22":{"start":{"line":69,"column":16},"end":{"line":69,"column":63}},"23":{"start":{"line":70,"column":16},"end":{"line":70,"column":112}},"24":{"start":{"line":73,"column":12},"end":{"line":73,"column":49}},"25":{"start":{"line":74,"column":12},"end":{"line":74,"column":110}},"26":{"start":{"line":79,"column":8},"end":{"line":95,"column":9}},"27":{"start":{"line":80,"column":27},"end":{"line":80,"column":31}},"28":{"start":{"line":81,"column":27},"end":{"line":85,"column":14}},"29":{"start":{"line":86,"column":12},"end":{"line":91,"column":13}},"30":{"start":{"line":87,"column":16},"end":{"line":87,"column":100}},"31":{"start":{"line":89,"column":16},"end":{"line":89,"column":38}},"32":{"start":{"line":90,"column":16},"end":{"line":90,"column":112}},"33":{"start":{"line":93,"column":12},"end":{"line":93,"column":49}},"34":{"start":{"line":94,"column":12},"end":{"line":94,"column":110}}},"fnMap":{"0":{"name":"(anonymous_0)","decl":{"start":{"line":4,"column":4},"end":{"line":4,"column":5}},"loc":{"start":{"line":4,"column":39},"end":{"line":29,"column":5}},"line":4},"1":{"name":"(anonymous_1)","decl":{"start":{"line":31,"column":4},"end":{"line":31,"column":5}},"loc":{"start":{"line":31,"column":35},"end":{"line":50,"column":5}},"line":31},"2":{"name":"(anonymous_2)","decl":{"start":{"line":51,"column":4},"end":{"line":51,"column":5}},"loc":{"start":{"line":51,"column":34},"end":{"line":76,"column":5}},"line":51},"3":{"name":"(anonymous_3)","decl":{"start":{"line":78,"column":4},"end":{"line":78,"column":5}},"loc":{"start":{"line":78,"column":34},"end":{"line":96,"column":5}},"line":78}},"branchMap":{"0":{"loc":{"start":{"line":12,"column":12},"end":{"line":24,"column":13}},"type":"if","locations":[{"start":{"line":12,"column":12},"end":{"line":24,"column":13}},{"start":{"line":14,"column":19},"end":{"line":24,"column":13}}],"line":12},"1":{"loc":{"start":{"line":33,"column":30},"end":{"line":37,"column":13}},"type":"cond-expr","locations":[{"start":{"line":33,"column":44},"end":{"line":35,"column":13}},{"start":{"line":35,"column":16},"end":{"line":37,"column":13}}],"line":33},"2":{"loc":{"start":{"line":59,"column":12},"end":{"line":71,"column":13}},"type":"if","locations":[{"start":{"line":59,"column":12},"end":{"line":71,"column":13}},{"start":{"line":61,"column":19},"end":{"line":71,"column":13}}],"line":59},"3":{"loc":{"start":{"line":86,"column":12},"end":{"line":91,"column":13}},"type":"if","locations":[{"start":{"line":86,"column":12},"end":{"line":91,"column":13}},{"start":{"line":88,"column":19},"end":{"line":91,"column":13}}],"line":86}},"s":{"0":3,"1":3,"2":3,"3":0,"4":0,"5":0,"6":0,"7":0,"8":3,"9":3,"10":2,"11":2,"12":0,"13":0,"14":2,"15":2,"16":3,"17":3,"18":3,"19":0,"20":0,"21":0,"22":0,"23":0,"24":3,"25":3,"26":3,"27":3,"28":3,"29":0,"30":0,"31":0,"32":0,"33":3,"34":3},"f":{"0":3,"1":2,"2":3,"3":3},"b":{"0":[0,0],"1":[2,0],"2":[0,0],"3":[0,0]},"_coverageSchema":"1a1c01bbd47fc00a2c39e90264f33305004495a9","hash":"4a517a186a451b9751b5479e4e61774b3cced0ef"}
,"D:\\project\\home_automation_node\\app\\Device\\Validation.js": {"path":"D:\\project\\home_automation_node\\app\\Device\\Validation.js","statementMap":{"0":{"start":{"line":3,"column":24},"end":{"line":17,"column":1}},"1":{"start":{"line":4,"column":17},"end":{"line":4,"column":25}},"2":{"start":{"line":5,"column":19},"end":{"line":5,"column":34}},"3":{"start":{"line":6,"column":43},"end":{"line":6,"column":47}},"4":{"start":{"line":7,"column":4},"end":{"line":16,"column":5}},"5":{"start":{"line":8,"column":8},"end":{"line":8,"column":108}},"6":{"start":{"line":9,"column":11},"end":{"line":16,"column":5}},"7":{"start":{"line":10,"column":8},"end":{"line":10,"column":103}},"8":{"start":{"line":12,"column":9},"end":{"line":16,"column":5}},"9":{"start":{"line":13,"column":8},"end":{"line":13,"column":103}},"10":{"start":{"line":15,"column":8},"end":{"line":15,"column":14}}},"fnMap":{"0":{"name":"(anonymous_0)","decl":{"start":{"line":3,"column":24},"end":{"line":3,"column":25}},"loc":{"start":{"line":3,"column":40},"end":{"line":17,"column":1}},"line":3}},"branchMap":{"0":{"loc":{"start":{"line":7,"column":4},"end":{"line":16,"column":5}},"type":"if","locations":[{"start":{"line":7,"column":4},"end":{"line":16,"column":5}},{"start":{"line":9,"column":11},"end":{"line":16,"column":5}}],"line":7},"1":{"loc":{"start":{"line":9,"column":11},"end":{"line":16,"column":5}},"type":"if","locations":[{"start":{"line":9,"column":11},"end":{"line":16,"column":5}},{"start":{"line":12,"column":9},"end":{"line":16,"column":5}}],"line":9},"2":{"loc":{"start":{"line":12,"column":9},"end":{"line":16,"column":5}},"type":"if","locations":[{"start":{"line":12,"column":9},"end":{"line":16,"column":5}},{"start":{"line":14,"column":10},"end":{"line":16,"column":5}}],"line":12}},"s":{"0":2,"1":2,"2":2,"3":2,"4":2,"5":1,"6":1,"7":0,"8":1,"9":0,"10":1},"f":{"0":2},"b":{"0":[1,1],"1":[0,1],"2":[0,1]},"_coverageSchema":"1a1c01bbd47fc00a2c39e90264f33305004495a9","hash":"cfb8542315b76c93685c5386d16de7bdce5861c2"}
,"D:\\project\\home_automation_node\\app\\Device\\index.js": {"path":"D:\\project\\home_automation_node\\app\\Device\\index.js","statementMap":{},"fnMap":{},"branchMap":{},"s":{},"f":{},"b":{},"_coverageSchema":"1a1c01bbd47fc00a2c39e90264f33305004495a9","hash":"ed20a352578b8a4e59f94fe201e6a671f85198f3"}
,"D:\\project\\home_automation_node\\app\\Home\\Handler.js": {"path":"D:\\project\\home_automation_node\\app\\Home\\Handler.js","statementMap":{"0":{"start":{"line":6,"column":8},"end":{"line":16,"column":9}},"1":{"start":{"line":7,"column":25},"end":{"line":7,"column":33}},"2":{"start":{"line":8,"column":27},"end":{"line":8,"column":42}},"3":{"start":{"line":9,"column":33},"end":{"line":9,"column":37}},"4":{"start":{"line":11,"column":16},"end":{"line":11,"column":56}},"5":{"start":{"line":14,"column":12},"end":{"line":14,"column":44}},"6":{"start":{"line":15,"column":12},"end":{"line":15,"column":110}},"7":{"start":{"line":20,"column":8},"end":{"line":27,"column":9}},"8":{"start":{"line":21,"column":27},"end":{"line":21,"column":42}},"9":{"start":{"line":23,"column":12},"end":{"line":23,"column":49}},"10":{"start":{"line":25,"column":12},"end":{"line":25,"column":49}},"11":{"start":{"line":26,"column":12},"end":{"line":26,"column":110}},"12":{"start":{"line":31,"column":8},"end":{"line":38,"column":9}},"13":{"start":{"line":32,"column":25},"end":{"line":32,"column":33}},"14":{"start":{"line":33,"column":37},"end":{"line":33,"column":41}},"15":{"start":{"line":34,"column":16},"end":{"line":34,"column":51}},"16":{"start":{"line":36,"column":12},"end":{"line":36,"column":47}},"17":{"start":{"line":37,"column":12},"end":{"line":37,"column":110}},"18":{"start":{"line":42,"column":8},"end":{"line":48,"column":9}},"19":{"start":{"line":43,"column":25},"end":{"line":43,"column":33}},"20":{"start":{"line":44,"column":12},"end":{"line":44,"column":47}},"21":{"start":{"line":46,"column":12},"end":{"line":46,"column":42}},"22":{"start":{"line":47,"column":12},"end":{"line":47,"column":110}}},"fnMap":{"0":{"name":"(anonymous_0)","decl":{"start":{"line":5,"column":4},"end":{"line":5,"column":5}},"loc":{"start":{"line":5,"column":28},"end":{"line":17,"column":5}},"line":5},"1":{"name":"(anonymous_1)","decl":{"start":{"line":19,"column":4},"end":{"line":19,"column":5}},"loc":{"start":{"line":19,"column":32},"end":{"line":28,"column":5}},"line":19},"2":{"name":"(anonymous_2)","decl":{"start":{"line":30,"column":4},"end":{"line":30,"column":5}},"loc":{"start":{"line":30,"column":31},"end":{"line":39,"column":5}},"line":30},"3":{"name":"(anonymous_3)","decl":{"start":{"line":41,"column":4},"end":{"line":41,"column":5}},"loc":{"start":{"line":41,"column":31},"end":{"line":49,"column":5}},"line":41}},"branchMap":{},"s":{"0":2,"1":2,"2":2,"3":2,"4":2,"5":1,"6":1,"7":2,"8":2,"9":0,"10":2,"11":2,"12":2,"13":2,"14":2,"15":2,"16":1,"17":1,"18":2,"19":2,"20":2,"21":1,"22":1},"f":{"0":2,"1":2,"2":2,"3":2},"b":{},"_coverageSchema":"1a1c01bbd47fc00a2c39e90264f33305004495a9","hash":"42c25e7c5eec2e3a269ab26d50e3858f8ab52c16"}
,"D:\\project\\home_automation_node\\app\\Home\\Service.js": {"path":"D:\\project\\home_automation_node\\app\\Home\\Service.js","statementMap":{"0":{"start":{"line":5,"column":8},"end":{"line":26,"column":9}},"1":{"start":{"line":6,"column":33},"end":{"line":6,"column":37}},"2":{"start":{"line":7,"column":30},"end":{"line":11,"column":14}},"3":{"start":{"line":12,"column":12},"end":{"line":22,"column":13}},"4":{"start":{"line":13,"column":16},"end":{"line":13,"column":103}},"5":{"start":{"line":15,"column":32},"end":{"line":19,"column":17}},"6":{"start":{"line":20,"column":16},"end":{"line":20,"column":68}},"7":{"start":{"line":21,"column":16},"end":{"line":21,"column":108}},"8":{"start":{"line":24,"column":12},"end":{"line":24,"column":44}},"9":{"start":{"line":25,"column":12},"end":{"line":25,"column":110}},"10":{"start":{"line":30,"column":8},"end":{"line":40,"column":9}},"11":{"start":{"line":31,"column":29},"end":{"line":35,"column":14}},"12":{"start":{"line":36,"column":12},"end":{"line":36,"column":108}},"13":{"start":{"line":38,"column":12},"end":{"line":38,"column":49}},"14":{"start":{"line":39,"column":12},"end":{"line":39,"column":110}},"15":{"start":{"line":43,"column":8},"end":{"line":63,"column":9}},"16":{"start":{"line":44,"column":48},"end":{"line":44,"column":52}},"17":{"start":{"line":45,"column":27},"end":{"line":49,"column":14}},"18":{"start":{"line":50,"column":12},"end":{"line":59,"column":13}},"19":{"start":{"line":51,"column":16},"end":{"line":51,"column":91}},"20":{"start":{"line":53,"column":32},"end":{"line":56,"column":17}},"21":{"start":{"line":57,"column":16},"end":{"line":57,"column":63}},"22":{"start":{"line":58,"column":16},"end":{"line":58,"column":110}},"23":{"start":{"line":61,"column":12},"end":{"line":61,"column":47}},"24":{"start":{"line":62,"column":12},"end":{"line":62,"column":110}},"25":{"start":{"line":67,"column":8},"end":{"line":83,"column":9}},"26":{"start":{"line":68,"column":27},"end":{"line":68,"column":31}},"27":{"start":{"line":69,"column":27},"end":{"line":73,"column":14}},"28":{"start":{"line":74,"column":12},"end":{"line":79,"column":13}},"29":{"start":{"line":75,"column":16},"end":{"line":75,"column":98}},"30":{"start":{"line":77,"column":16},"end":{"line":77,"column":38}},"31":{"start":{"line":78,"column":16},"end":{"line":78,"column":109}},"32":{"start":{"line":81,"column":12},"end":{"line":81,"column":46}},"33":{"start":{"line":82,"column":12},"end":{"line":82,"column":110}}},"fnMap":{"0":{"name":"(anonymous_0)","decl":{"start":{"line":4,"column":4},"end":{"line":4,"column":5}},"loc":{"start":{"line":4,"column":37},"end":{"line":27,"column":5}},"line":4},"1":{"name":"(anonymous_1)","decl":{"start":{"line":29,"column":4},"end":{"line":29,"column":5}},"loc":{"start":{"line":29,"column":34},"end":{"line":41,"column":5}},"line":29},"2":{"name":"(anonymous_2)","decl":{"start":{"line":42,"column":4},"end":{"line":42,"column":5}},"loc":{"start":{"line":42,"column":32},"end":{"line":64,"column":5}},"line":42},"3":{"name":"(anonymous_3)","decl":{"start":{"line":66,"column":4},"end":{"line":66,"column":5}},"loc":{"start":{"line":66,"column":32},"end":{"line":84,"column":5}},"line":66}},"branchMap":{"0":{"loc":{"start":{"line":12,"column":12},"end":{"line":22,"column":13}},"type":"if","locations":[{"start":{"line":12,"column":12},"end":{"line":22,"column":13}},{"start":{"line":14,"column":19},"end":{"line":22,"column":13}}],"line":12},"1":{"loc":{"start":{"line":50,"column":12},"end":{"line":59,"column":13}},"type":"if","locations":[{"start":{"line":50,"column":12},"end":{"line":59,"column":13}},{"start":{"line":52,"column":19},"end":{"line":59,"column":13}}],"line":50},"2":{"loc":{"start":{"line":74,"column":12},"end":{"line":79,"column":13}},"type":"if","locations":[{"start":{"line":74,"column":12},"end":{"line":79,"column":13}},{"start":{"line":76,"column":19},"end":{"line":79,"column":13}}],"line":74}},"s":{"0":3,"1":3,"2":3,"3":0,"4":0,"5":0,"6":0,"7":0,"8":3,"9":3,"10":2,"11":2,"12":0,"13":2,"14":2,"15":3,"16":3,"17":3,"18":0,"19":0,"20":0,"21":0,"22":0,"23":3,"24":3,"25":3,"26":3,"27":3,"28":0,"29":0,"30":0,"31":0,"32":3,"33":3},"f":{"0":3,"1":2,"2":3,"3":3},"b":{"0":[0,0],"1":[0,0],"2":[0,0]},"_coverageSchema":"1a1c01bbd47fc00a2c39e90264f33305004495a9","hash":"407c590430bafca3fd4571f08bb9ef59aacaf7d9"}
,"D:\\project\\home_automation_node\\app\\Home\\Validation.js": {"path":"D:\\project\\home_automation_node\\app\\Home\\Validation.js","statementMap":{"0":{"start":{"line":3,"column":24},"end":{"line":12,"column":1}},"1":{"start":{"line":4,"column":17},"end":{"line":4,"column":25}},"2":{"start":{"line":5,"column":19},"end":{"line":5,"column":34}},"3":{"start":{"line":6,"column":25},"end":{"line":6,"column":29}},"4":{"start":{"line":7,"column":4},"end":{"line":11,"column":5}},"5":{"start":{"line":8,"column":8},"end":{"line":8,"column":106}},"6":{"start":{"line":10,"column":8},"end":{"line":10,"column":14}}},"fnMap":{"0":{"name":"(anonymous_0)","decl":{"start":{"line":3,"column":24},"end":{"line":3,"column":25}},"loc":{"start":{"line":3,"column":40},"end":{"line":12,"column":1}},"line":3}},"branchMap":{"0":{"loc":{"start":{"line":7,"column":4},"end":{"line":11,"column":5}},"type":"if","locations":[{"start":{"line":7,"column":4},"end":{"line":11,"column":5}},{"start":{"line":9,"column":12},"end":{"line":11,"column":5}}],"line":7}},"s":{"0":2,"1":2,"2":2,"3":2,"4":2,"5":1,"6":1},"f":{"0":2},"b":{"0":[1,1]},"_coverageSchema":"1a1c01bbd47fc00a2c39e90264f33305004495a9","hash":"7f1b0e7f88de947141076c6f21c17080bab4e4a5"}
,"D:\\project\\home_automation_node\\app\\Home\\index.js": {"path":"D:\\project\\home_automation_node\\app\\Home\\index.js","statementMap":{},"fnMap":{},"branchMap":{},"s":{},"f":{},"b":{},"_coverageSchema":"1a1c01bbd47fc00a2c39e90264f33305004495a9","hash":"5f45368eb4755891bbf4c81688d5e0de9115f1bb"}
,"D:\\project\\home_automation_node\\app\\Room\\Handler.js": {"path":"D:\\project\\home_automation_node\\app\\Room\\Handler.js","statementMap":{"0":{"start":{"line":6,"column":8},"end":{"line":18,"column":9}},"1":{"start":{"line":7,"column":25},"end":{"line":7,"column":33}},"2":{"start":{"line":8,"column":27},"end":{"line":8,"column":42}},"3":{"start":{"line":9,"column":40},"end":{"line":9,"column":44}},"4":{"start":{"line":10,"column":12},"end":{"line":14,"column":13}},"5":{"start":{"line":11,"column":16},"end":{"line":11,"column":114}},"6":{"start":{"line":13,"column":16},"end":{"line":13,"column":56}},"7":{"start":{"line":16,"column":12},"end":{"line":16,"column":44}},"8":{"start":{"line":17,"column":12},"end":{"line":17,"column":110}},"9":{"start":{"line":22,"column":8},"end":{"line":28,"column":9}},"10":{"start":{"line":23,"column":25},"end":{"line":23,"column":34}},"11":{"start":{"line":24,"column":12},"end":{"line":24,"column":49}},"12":{"start":{"line":26,"column":12},"end":{"line":26,"column":49}},"13":{"start":{"line":27,"column":12},"end":{"line":27,"column":110}},"14":{"start":{"line":32,"column":8},"end":{"line":38,"column":9}},"15":{"start":{"line":33,"column":25},"end":{"line":33,"column":33}},"16":{"start":{"line":34,"column":16},"end":{"line":34,"column":51}},"17":{"start":{"line":36,"column":12},"end":{"line":36,"column":47}},"18":{"start":{"line":37,"column":12},"end":{"line":37,"column":110}},"19":{"start":{"line":42,"column":8},"end":{"line":48,"column":9}},"20":{"start":{"line":43,"column":25},"end":{"line":43,"column":33}},"21":{"start":{"line":44,"column":12},"end":{"line":44,"column":47}},"22":{"start":{"line":47,"column":12},"end":{"line":47,"column":110}}},"fnMap":{"0":{"name":"(anonymous_0)","decl":{"start":{"line":5,"column":4},"end":{"line":5,"column":5}},"loc":{"start":{"line":5,"column":28},"end":{"line":19,"column":5}},"line":5},"1":{"name":"(anonymous_1)","decl":{"start":{"line":21,"column":4},"end":{"line":21,"column":5}},"loc":{"start":{"line":21,"column":32},"end":{"line":29,"column":5}},"line":21},"2":{"name":"(anonymous_2)","decl":{"start":{"line":31,"column":4},"end":{"line":31,"column":5}},"loc":{"start":{"line":31,"column":31},"end":{"line":39,"column":5}},"line":31},"3":{"name":"(anonymous_3)","decl":{"start":{"line":41,"column":4},"end":{"line":41,"column":5}},"loc":{"start":{"line":41,"column":31},"end":{"line":49,"column":5}},"line":41}},"branchMap":{"0":{"loc":{"start":{"line":10,"column":12},"end":{"line":14,"column":13}},"type":"if","locations":[{"start":{"line":10,"column":12},"end":{"line":14,"column":13}},{"start":{"line":12,"column":20},"end":{"line":14,"column":13}}],"line":10}},"s":{"0":2,"1":2,"2":2,"3":2,"4":2,"5":2,"6":0,"7":0,"8":0,"9":2,"10":2,"11":2,"12":1,"13":1,"14":2,"15":2,"16":2,"17":1,"18":1,"19":2,"20":2,"21":2,"22":1},"f":{"0":2,"1":2,"2":2,"3":2},"b":{"0":[2,0]},"_coverageSchema":"1a1c01bbd47fc00a2c39e90264f33305004495a9","hash":"06dc5bc12f2c369d9502dbb4d61a75ede676407f"}
,"D:\\project\\home_automation_node\\app\\Room\\Service.js": {"path":"D:\\project\\home_automation_node\\app\\Room\\Service.js","statementMap":{"0":{"start":{"line":5,"column":8},"end":{"line":26,"column":9}},"1":{"start":{"line":6,"column":41},"end":{"line":6,"column":45}},"2":{"start":{"line":7,"column":30},"end":{"line":11,"column":14}},"3":{"start":{"line":12,"column":12},"end":{"line":22,"column":13}},"4":{"start":{"line":13,"column":16},"end":{"line":13,"column":103}},"5":{"start":{"line":15,"column":32},"end":{"line":19,"column":17}},"6":{"start":{"line":20,"column":16},"end":{"line":20,"column":68}},"7":{"start":{"line":21,"column":16},"end":{"line":21,"column":108}},"8":{"start":{"line":24,"column":12},"end":{"line":24,"column":44}},"9":{"start":{"line":25,"column":12},"end":{"line":25,"column":110}},"10":{"start":{"line":30,"column":8},"end":{"line":47,"column":9}},"11":{"start":{"line":31,"column":30},"end":{"line":33,"column":17}},"12":{"start":{"line":35,"column":29},"end":{"line":42,"column":14}},"13":{"start":{"line":43,"column":12},"end":{"line":43,"column":108}},"14":{"start":{"line":45,"column":12},"end":{"line":45,"column":49}},"15":{"start":{"line":46,"column":12},"end":{"line":46,"column":110}},"16":{"start":{"line":50,"column":8},"end":{"line":71,"column":9}},"17":{"start":{"line":51,"column":56},"end":{"line":51,"column":60}},"18":{"start":{"line":52,"column":27},"end":{"line":56,"column":14}},"19":{"start":{"line":57,"column":12},"end":{"line":67,"column":13}},"20":{"start":{"line":58,"column":16},"end":{"line":58,"column":91}},"21":{"start":{"line":60,"column":32},"end":{"line":64,"column":17}},"22":{"start":{"line":65,"column":16},"end":{"line":65,"column":63}},"23":{"start":{"line":66,"column":16},"end":{"line":66,"column":110}},"24":{"start":{"line":69,"column":12},"end":{"line":69,"column":47}},"25":{"start":{"line":70,"column":12},"end":{"line":70,"column":110}},"26":{"start":{"line":75,"column":8},"end":{"line":91,"column":9}},"27":{"start":{"line":76,"column":27},"end":{"line":76,"column":31}},"28":{"start":{"line":77,"column":27},"end":{"line":81,"column":14}},"29":{"start":{"line":82,"column":12},"end":{"line":87,"column":13}},"30":{"start":{"line":83,"column":16},"end":{"line":83,"column":98}},"31":{"start":{"line":85,"column":16},"end":{"line":85,"column":38}},"32":{"start":{"line":86,"column":16},"end":{"line":86,"column":110}},"33":{"start":{"line":89,"column":12},"end":{"line":89,"column":47}},"34":{"start":{"line":90,"column":12},"end":{"line":90,"column":110}}},"fnMap":{"0":{"name":"(anonymous_0)","decl":{"start":{"line":4,"column":4},"end":{"line":4,"column":5}},"loc":{"start":{"line":4,"column":37},"end":{"line":27,"column":5}},"line":4},"1":{"name":"(anonymous_1)","decl":{"start":{"line":29,"column":4},"end":{"line":29,"column":5}},"loc":{"start":{"line":29,"column":33},"end":{"line":48,"column":5}},"line":29},"2":{"name":"(anonymous_2)","decl":{"start":{"line":49,"column":4},"end":{"line":49,"column":5}},"loc":{"start":{"line":49,"column":32},"end":{"line":72,"column":5}},"line":49},"3":{"name":"(anonymous_3)","decl":{"start":{"line":74,"column":4},"end":{"line":74,"column":5}},"loc":{"start":{"line":74,"column":32},"end":{"line":92,"column":5}},"line":74}},"branchMap":{"0":{"loc":{"start":{"line":12,"column":12},"end":{"line":22,"column":13}},"type":"if","locations":[{"start":{"line":12,"column":12},"end":{"line":22,"column":13}},{"start":{"line":14,"column":19},"end":{"line":22,"column":13}}],"line":12},"1":{"loc":{"start":{"line":31,"column":30},"end":{"line":33,"column":17}},"type":"cond-expr","locations":[{"start":{"line":31,"column":45},"end":{"line":33,"column":13}},{"start":{"line":33,"column":15},"end":{"line":33,"column":17}}],"line":31},"2":{"loc":{"start":{"line":57,"column":12},"end":{"line":67,"column":13}},"type":"if","locations":[{"start":{"line":57,"column":12},"end":{"line":67,"column":13}},{"start":{"line":59,"column":19},"end":{"line":67,"column":13}}],"line":57},"3":{"loc":{"start":{"line":82,"column":12},"end":{"line":87,"column":13}},"type":"if","locations":[{"start":{"line":82,"column":12},"end":{"line":87,"column":13}},{"start":{"line":84,"column":19},"end":{"line":87,"column":13}}],"line":82}},"s":{"0":3,"1":3,"2":3,"3":3,"4":1,"5":2,"6":2,"7":1,"8":1,"9":1,"10":2,"11":2,"12":2,"13":1,"14":1,"15":1,"16":3,"17":3,"18":3,"19":3,"20":1,"21":2,"22":2,"23":1,"24":1,"25":1,"26":3,"27":3,"28":3,"29":3,"30":1,"31":2,"32":1,"33":1,"34":1},"f":{"0":3,"1":2,"2":3,"3":3},"b":{"0":[1,2],"1":[2,0],"2":[1,2],"3":[1,2]},"_coverageSchema":"1a1c01bbd47fc00a2c39e90264f33305004495a9","hash":"049c51d38c4e67b0cd07528bec55313a4b43b7e2"}
,"D:\\project\\home_automation_node\\app\\Room\\Validation.js": {"path":"D:\\project\\home_automation_node\\app\\Room\\Validation.js","statementMap":{"0":{"start":{"line":3,"column":24},"end":{"line":16,"column":1}},"1":{"start":{"line":5,"column":17},"end":{"line":5,"column":25}},"2":{"start":{"line":6,"column":19},"end":{"line":6,"column":34}},"3":{"start":{"line":7,"column":32},"end":{"line":7,"column":36}},"4":{"start":{"line":8,"column":4},"end":{"line":15,"column":5}},"5":{"start":{"line":9,"column":8},"end":{"line":9,"column":106}},"6":{"start":{"line":10,"column":11},"end":{"line":15,"column":5}},"7":{"start":{"line":11,"column":8},"end":{"line":11,"column":101}},"8":{"start":{"line":14,"column":8},"end":{"line":14,"column":14}}},"fnMap":{"0":{"name":"(anonymous_0)","decl":{"start":{"line":3,"column":24},"end":{"line":3,"column":25}},"loc":{"start":{"line":3,"column":40},"end":{"line":16,"column":1}},"line":3}},"branchMap":{"0":{"loc":{"start":{"line":8,"column":4},"end":{"line":15,"column":5}},"type":"if","locations":[{"start":{"line":8,"column":4},"end":{"line":15,"column":5}},{"start":{"line":10,"column":11},"end":{"line":15,"column":5}}],"line":8},"1":{"loc":{"start":{"line":10,"column":11},"end":{"line":15,"column":5}},"type":"if","locations":[{"start":{"line":10,"column":11},"end":{"line":15,"column":5}},{"start":{"line":13,"column":11},"end":{"line":15,"column":5}}],"line":10}},"s":{"0":2,"1":3,"2":3,"3":3,"4":3,"5":1,"6":2,"7":1,"8":1},"f":{"0":3},"b":{"0":[1,2],"1":[1,1]},"_coverageSchema":"1a1c01bbd47fc00a2c39e90264f33305004495a9","hash":"d15747fa251b1cda093392fc0cbdc4e464f85438"}
,"D:\\project\\home_automation_node\\app\\Room\\index.js": {"path":"D:\\project\\home_automation_node\\app\\Room\\index.js","statementMap":{},"fnMap":{},"branchMap":{},"s":{},"f":{},"b":{},"_coverageSchema":"1a1c01bbd47fc00a2c39e90264f33305004495a9","hash":"7c4e961fa4e8d6af81a651bc78733fc9fbd5750e"}
,"D:\\project\\home_automation_node\\app\\Schedule\\Handler.js": {"path":"D:\\project\\home_automation_node\\app\\Schedule\\Handler.js","statementMap":{"0":{"start":{"line":6,"column":8},"end":{"line":13,"column":9}},"1":{"start":{"line":7,"column":25},"end":{"line":7,"column":33}},"2":{"start":{"line":8,"column":27},"end":{"line":8,"column":42}},"3":{"start":{"line":9,"column":16},"end":{"line":9,"column":60}},"4":{"start":{"line":11,"column":12},"end":{"line":11,"column":48}},"5":{"start":{"line":12,"column":12},"end":{"line":12,"column":110}},"6":{"start":{"line":17,"column":8},"end":{"line":24,"column":9}},"7":{"start":{"line":18,"column":23},"end":{"line":18,"column":32}},"8":{"start":{"line":20,"column":12},"end":{"line":20,"column":51}},"9":{"start":{"line":22,"column":12},"end":{"line":22,"column":53}},"10":{"start":{"line":23,"column":12},"end":{"line":23,"column":110}},"11":{"start":{"line":28,"column":8},"end":{"line":35,"column":9}},"12":{"start":{"line":29,"column":25},"end":{"line":29,"column":33}},"13":{"start":{"line":30,"column":67},"end":{"line":30,"column":71}},"14":{"start":{"line":31,"column":12},"end":{"line":31,"column":51}},"15":{"start":{"line":33,"column":12},"end":{"line":33,"column":51}},"16":{"start":{"line":34,"column":12},"end":{"line":34,"column":110}},"17":{"start":{"line":39,"column":8},"end":{"line":45,"column":9}},"18":{"start":{"line":40,"column":25},"end":{"line":40,"column":33}},"19":{"start":{"line":41,"column":12},"end":{"line":41,"column":51}},"20":{"start":{"line":43,"column":12},"end":{"line":43,"column":51}},"21":{"start":{"line":44,"column":12},"end":{"line":44,"column":110}}},"fnMap":{"0":{"name":"(anonymous_0)","decl":{"start":{"line":5,"column":4},"end":{"line":5,"column":5}},"loc":{"start":{"line":5,"column":32},"end":{"line":14,"column":5}},"line":5},"1":{"name":"(anonymous_1)","decl":{"start":{"line":16,"column":4},"end":{"line":16,"column":5}},"loc":{"start":{"line":16,"column":36},"end":{"line":25,"column":5}},"line":16},"2":{"name":"(anonymous_2)","decl":{"start":{"line":27,"column":4},"end":{"line":27,"column":5}},"loc":{"start":{"line":27,"column":35},"end":{"line":36,"column":5}},"line":27},"3":{"name":"(anonymous_3)","decl":{"start":{"line":38,"column":4},"end":{"line":38,"column":5}},"loc":{"start":{"line":38,"column":35},"end":{"line":46,"column":5}},"line":38}},"branchMap":{},"s":{"0":2,"1":2,"2":2,"3":2,"4":1,"5":1,"6":2,"7":2,"8":2,"9":1,"10":1,"11":2,"12":2,"13":2,"14":2,"15":1,"16":1,"17":2,"18":2,"19":2,"20":1,"21":1},"f":{"0":2,"1":2,"2":2,"3":2},"b":{},"_coverageSchema":"1a1c01bbd47fc00a2c39e90264f33305004495a9","hash":"fff8a388f40d31bf41e81afa8d197db0c422c91f"}
,"D:\\project\\home_automation_node\\app\\Schedule\\Service.js": {"path":"D:\\project\\home_automation_node\\app\\Schedule\\Service.js","statementMap":{"0":{"start":{"line":5,"column":8},"end":{"line":29,"column":9}},"1":{"start":{"line":6,"column":65},"end":{"line":6,"column":69}},"2":{"start":{"line":7,"column":34},"end":{"line":11,"column":14}},"3":{"start":{"line":15,"column":32},"end":{"line":22,"column":17}},"4":{"start":{"line":23,"column":16},"end":{"line":23,"column":72}},"5":{"start":{"line":24,"column":16},"end":{"line":24,"column":112}},"6":{"start":{"line":27,"column":12},"end":{"line":27,"column":48}},"7":{"start":{"line":28,"column":12},"end":{"line":28,"column":110}},"8":{"start":{"line":33,"column":8},"end":{"line":52,"column":9}},"9":{"start":{"line":34,"column":28},"end":{"line":38,"column":13}},"10":{"start":{"line":39,"column":33},"end":{"line":47,"column":14}},"11":{"start":{"line":48,"column":12},"end":{"line":48,"column":112}},"12":{"start":{"line":50,"column":12},"end":{"line":50,"column":53}},"13":{"start":{"line":51,"column":12},"end":{"line":51,"column":110}},"14":{"start":{"line":55,"column":8},"end":{"line":79,"column":9}},"15":{"start":{"line":56,"column":78},"end":{"line":56,"column":82}},"16":{"start":{"line":57,"column":27},"end":{"line":61,"column":14}},"17":{"start":{"line":62,"column":12},"end":{"line":75,"column":13}},"18":{"start":{"line":63,"column":16},"end":{"line":63,"column":95}},"19":{"start":{"line":65,"column":32},"end":{"line":72,"column":17}},"20":{"start":{"line":73,"column":16},"end":{"line":73,"column":63}},"21":{"start":{"line":74,"column":16},"end":{"line":74,"column":114}},"22":{"start":{"line":77,"column":12},"end":{"line":77,"column":51}},"23":{"start":{"line":78,"column":12},"end":{"line":78,"column":110}},"24":{"start":{"line":83,"column":8},"end":{"line":99,"column":9}},"25":{"start":{"line":84,"column":27},"end":{"line":84,"column":31}},"26":{"start":{"line":85,"column":27},"end":{"line":89,"column":14}},"27":{"start":{"line":90,"column":12},"end":{"line":95,"column":13}},"28":{"start":{"line":91,"column":16},"end":{"line":91,"column":102}},"29":{"start":{"line":93,"column":16},"end":{"line":93,"column":38}},"30":{"start":{"line":94,"column":16},"end":{"line":94,"column":114}},"31":{"start":{"line":97,"column":12},"end":{"line":97,"column":50}},"32":{"start":{"line":98,"column":12},"end":{"line":98,"column":110}}},"fnMap":{"0":{"name":"(anonymous_0)","decl":{"start":{"line":4,"column":4},"end":{"line":4,"column":5}},"loc":{"start":{"line":4,"column":41},"end":{"line":30,"column":5}},"line":4},"1":{"name":"(anonymous_1)","decl":{"start":{"line":32,"column":4},"end":{"line":32,"column":5}},"loc":{"start":{"line":32,"column":36},"end":{"line":53,"column":5}},"line":32},"2":{"name":"(anonymous_2)","decl":{"start":{"line":54,"column":4},"end":{"line":54,"column":5}},"loc":{"start":{"line":54,"column":36},"end":{"line":80,"column":5}},"line":54},"3":{"name":"(anonymous_3)","decl":{"start":{"line":82,"column":4},"end":{"line":82,"column":5}},"loc":{"start":{"line":82,"column":36},"end":{"line":100,"column":5}},"line":82}},"branchMap":{"0":{"loc":{"start":{"line":34,"column":28},"end":{"line":38,"column":13}},"type":"cond-expr","locations":[{"start":{"line":34,"column":40},"end":{"line":36,"column":13}},{"start":{"line":36,"column":14},"end":{"line":38,"column":13}}],"line":34},"1":{"loc":{"start":{"line":62,"column":12},"end":{"line":75,"column":13}},"type":"if","locations":[{"start":{"line":62,"column":12},"end":{"line":75,"column":13}},{"start":{"line":64,"column":19},"end":{"line":75,"column":13}}],"line":62},"2":{"loc":{"start":{"line":90,"column":12},"end":{"line":95,"column":13}},"type":"if","locations":[{"start":{"line":90,"column":12},"end":{"line":95,"column":13}},{"start":{"line":92,"column":19},"end":{"line":95,"column":13}}],"line":90}},"s":{"0":1,"1":1,"2":1,"3":1,"4":1,"5":1,"6":0,"7":0,"8":1,"9":1,"10":1,"11":1,"12":0,"13":0,"14":2,"15":2,"16":2,"17":2,"18":1,"19":1,"20":1,"21":1,"22":0,"23":0,"24":2,"25":2,"26":2,"27":2,"28":1,"29":1,"30":1,"31":0,"32":0},"f":{"0":1,"1":1,"2":2,"3":2},"b":{"0":[1,0],"1":[1,1],"2":[1,1]},"_coverageSchema":"1a1c01bbd47fc00a2c39e90264f33305004495a9","hash":"1ccbd16ddcc20c577585c406cba1b15fa050723c"}
,"D:\\project\\home_automation_node\\app\\Schedule\\Validation.js": {"path":"D:\\project\\home_automation_node\\app\\Schedule\\Validation.js","statementMap":{"0":{"start":{"line":3,"column":26},"end":{"line":23,"column":1}},"1":{"start":{"line":5,"column":17},"end":{"line":5,"column":25}},"2":{"start":{"line":6,"column":19},"end":{"line":6,"column":34}},"3":{"start":{"line":7,"column":61},"end":{"line":7,"column":65}},"4":{"start":{"line":8,"column":4},"end":{"line":22,"column":5}},"5":{"start":{"line":9,"column":8},"end":{"line":9,"column":106}},"6":{"start":{"line":10,"column":11},"end":{"line":22,"column":5}},"7":{"start":{"line":11,"column":8},"end":{"line":11,"column":103}},"8":{"start":{"line":13,"column":9},"end":{"line":22,"column":5}},"9":{"start":{"line":14,"column":8},"end":{"line":14,"column":103}},"10":{"start":{"line":16,"column":9},"end":{"line":22,"column":5}},"11":{"start":{"line":17,"column":8},"end":{"line":17,"column":107}},"12":{"start":{"line":18,"column":11},"end":{"line":22,"column":5}},"13":{"start":{"line":19,"column":8},"end":{"line":19,"column":105}},"14":{"start":{"line":21,"column":8},"end":{"line":21,"column":14}}},"fnMap":{"0":{"name":"(anonymous_0)","decl":{"start":{"line":3,"column":26},"end":{"line":3,"column":27}},"loc":{"start":{"line":3,"column":46},"end":{"line":23,"column":1}},"line":3}},"branchMap":{"0":{"loc":{"start":{"line":8,"column":4},"end":{"line":22,"column":5}},"type":"if","locations":[{"start":{"line":8,"column":4},"end":{"line":22,"column":5}},{"start":{"line":10,"column":11},"end":{"line":22,"column":5}}],"line":8},"1":{"loc":{"start":{"line":10,"column":11},"end":{"line":22,"column":5}},"type":"if","locations":[{"start":{"line":10,"column":11},"end":{"line":22,"column":5}},{"start":{"line":13,"column":9},"end":{"line":22,"column":5}}],"line":10},"2":{"loc":{"start":{"line":13,"column":9},"end":{"line":22,"column":5}},"type":"if","locations":[{"start":{"line":13,"column":9},"end":{"line":22,"column":5}},{"start":{"line":16,"column":9},"end":{"line":22,"column":5}}],"line":13},"3":{"loc":{"start":{"line":16,"column":9},"end":{"line":22,"column":5}},"type":"if","locations":[{"start":{"line":16,"column":9},"end":{"line":22,"column":5}},{"start":{"line":18,"column":11},"end":{"line":22,"column":5}}],"line":16},"4":{"loc":{"start":{"line":18,"column":11},"end":{"line":22,"column":5}},"type":"if","locations":[{"start":{"line":18,"column":11},"end":{"line":22,"column":5}},{"start":{"line":20,"column":11},"end":{"line":22,"column":5}}],"line":18}},"s":{"0":2,"1":2,"2":2,"3":2,"4":2,"5":1,"6":1,"7":0,"8":1,"9":0,"10":1,"11":0,"12":1,"13":0,"14":1},"f":{"0":2},"b":{"0":[1,1],"1":[0,1],"2":[0,1],"3":[0,1],"4":[0,1]},"_coverageSchema":"1a1c01bbd47fc00a2c39e90264f33305004495a9","hash":"24beb3777fb4f8a91c377cd25910c30cc8a00aab"}
,"D:\\project\\home_automation_node\\app\\Schedule\\index.js": {"path":"D:\\project\\home_automation_node\\app\\Schedule\\index.js","statementMap":{},"fnMap":{},"branchMap":{},"s":{},"f":{},"b":{},"_coverageSchema":"1a1c01bbd47fc00a2c39e90264f33305004495a9","hash":"c50ae728abe5ca98f690a401ec7e91329a9e58e5"}
,"D:\\project\\home_automation_node\\app\\User\\Handler.js": {"path":"D:\\project\\home_automation_node\\app\\User\\Handler.js","statementMap":{"0":{"start":{"line":6,"column":8},"end":{"line":12,"column":9}},"1":{"start":{"line":7,"column":16},"end":{"line":7,"column":53}},"2":{"start":{"line":10,"column":12},"end":{"line":10,"column":48}},"3":{"start":{"line":11,"column":12},"end":{"line":11,"column":110}},"4":{"start":{"line":16,"column":8},"end":{"line":31,"column":9}},"5":{"start":{"line":17,"column":25},"end":{"line":17,"column":33}},"6":{"start":{"line":18,"column":40},"end":{"line":18,"column":44}},"7":{"start":{"line":19,"column":12},"end":{"line":27,"column":13}},"8":{"start":{"line":20,"column":16},"end":{"line":20,"column":110}},"9":{"start":{"line":21,"column":19},"end":{"line":27,"column":13}},"10":{"start":{"line":22,"column":16},"end":{"line":22,"column":130}},"11":{"start":{"line":23,"column":19},"end":{"line":27,"column":13}},"12":{"start":{"line":24,"column":16},"end":{"line":24,"column":113}},"13":{"start":{"line":26,"column":16},"end":{"line":26,"column":50}},"14":{"start":{"line":29,"column":12},"end":{"line":29,"column":45}},"15":{"start":{"line":30,"column":12},"end":{"line":30,"column":110}}},"fnMap":{"0":{"name":"(anonymous_0)","decl":{"start":{"line":5,"column":4},"end":{"line":5,"column":5}},"loc":{"start":{"line":5,"column":33},"end":{"line":13,"column":5}},"line":5},"1":{"name":"(anonymous_1)","decl":{"start":{"line":15,"column":4},"end":{"line":15,"column":5}},"loc":{"start":{"line":15,"column":30},"end":{"line":32,"column":5}},"line":15}},"branchMap":{"0":{"loc":{"start":{"line":19,"column":12},"end":{"line":27,"column":13}},"type":"if","locations":[{"start":{"line":19,"column":12},"end":{"line":27,"column":13}},{"start":{"line":21,"column":19},"end":{"line":27,"column":13}}],"line":19},"1":{"loc":{"start":{"line":21,"column":19},"end":{"line":27,"column":13}},"type":"if","locations":[{"start":{"line":21,"column":19},"end":{"line":27,"column":13}},{"start":{"line":23,"column":19},"end":{"line":27,"column":13}}],"line":21},"2":{"loc":{"start":{"line":23,"column":19},"end":{"line":27,"column":13}},"type":"if","locations":[{"start":{"line":23,"column":19},"end":{"line":27,"column":13}},{"start":{"line":25,"column":19},"end":{"line":27,"column":13}}],"line":23}},"s":{"0":2,"1":2,"2":2,"3":2,"4":2,"5":2,"6":2,"7":2,"8":1,"9":1,"10":0,"11":1,"12":0,"13":1,"14":0,"15":0},"f":{"0":2,"1":2},"b":{"0":[1,1],"1":[0,1],"2":[0,1]},"_coverageSchema":"1a1c01bbd47fc00a2c39e90264f33305004495a9","hash":"867e1541fec39bef2b950de4cfe0ed63e68c4d8f"}
,"D:\\project\\home_automation_node\\app\\User\\Service.js": {"path":"D:\\project\\home_automation_node\\app\\User\\Service.js","statementMap":{"0":{"start":{"line":9,"column":8},"end":{"line":34,"column":9}},"1":{"start":{"line":10,"column":72},"end":{"line":10,"column":76}},"2":{"start":{"line":11,"column":33},"end":{"line":15,"column":14}},"3":{"start":{"line":16,"column":12},"end":{"line":30,"column":13}},"4":{"start":{"line":17,"column":16},"end":{"line":17,"column":111}},"5":{"start":{"line":19,"column":32},"end":{"line":27,"column":17}},"6":{"start":{"line":28,"column":17},"end":{"line":28,"column":69}},"7":{"start":{"line":29,"column":16},"end":{"line":29,"column":110}},"8":{"start":{"line":32,"column":12},"end":{"line":32,"column":48}},"9":{"start":{"line":33,"column":12},"end":{"line":33,"column":110}},"10":{"start":{"line":39,"column":36},"end":{"line":39,"column":40}},"11":{"start":{"line":40,"column":8},"end":{"line":60,"column":9}},"12":{"start":{"line":41,"column":25},"end":{"line":44,"column":13}},"13":{"start":{"line":45,"column":29},"end":{"line":50,"column":14}},"14":{"start":{"line":51,"column":12},"end":{"line":53,"column":14}},"15":{"start":{"line":52,"column":16},"end":{"line":52,"column":112}},"16":{"start":{"line":54,"column":16},"end":{"line":54,"column":39}},"17":{"start":{"line":55,"column":35},"end":{"line":55,"column":96}},"18":{"start":{"line":56,"column":16},"end":{"line":56,"column":162}},"19":{"start":{"line":58,"column":12},"end":{"line":58,"column":45}},"20":{"start":{"line":59,"column":12},"end":{"line":59,"column":110}},"21":{"start":{"line":68,"column":8},"end":{"line":84,"column":9}},"22":{"start":{"line":69,"column":29},"end":{"line":73,"column":14}},"23":{"start":{"line":74,"column":23},"end":{"line":78,"column":13}},"24":{"start":{"line":79,"column":31},"end":{"line":79,"column":92}},"25":{"start":{"line":80,"column":12},"end":{"line":80,"column":127}},"26":{"start":{"line":82,"column":12},"end":{"line":82,"column":48}},"27":{"start":{"line":83,"column":12},"end":{"line":83,"column":110}},"28":{"start":{"line":88,"column":8},"end":{"line":115,"column":9}},"29":{"start":{"line":89,"column":30},"end":{"line":110,"column":14}},"30":{"start":{"line":111,"column":12},"end":{"line":111,"column":109}},"31":{"start":{"line":113,"column":12},"end":{"line":113,"column":49}},"32":{"start":{"line":114,"column":12},"end":{"line":114,"column":110}}},"fnMap":{"0":{"name":"(anonymous_0)","decl":{"start":{"line":8,"column":4},"end":{"line":8,"column":5}},"loc":{"start":{"line":8,"column":34},"end":{"line":35,"column":5}},"line":8},"1":{"name":"(anonymous_1)","decl":{"start":{"line":38,"column":4},"end":{"line":38,"column":5}},"loc":{"start":{"line":38,"column":31},"end":{"line":61,"column":5}},"line":38},"2":{"name":"(anonymous_2)","decl":{"start":{"line":67,"column":4},"end":{"line":67,"column":5}},"loc":{"start":{"line":67,"column":36},"end":{"line":85,"column":5}},"line":67},"3":{"name":"(anonymous_3)","decl":{"start":{"line":87,"column":4},"end":{"line":87,"column":5}},"loc":{"start":{"line":87,"column":32},"end":{"line":116,"column":5}},"line":87}},"branchMap":{"0":{"loc":{"start":{"line":16,"column":12},"end":{"line":30,"column":13}},"type":"if","locations":[{"start":{"line":16,"column":12},"end":{"line":30,"column":13}},{"start":{"line":18,"column":19},"end":{"line":30,"column":13}}],"line":16},"1":{"loc":{"start":{"line":51,"column":12},"end":{"line":53,"column":14}},"type":"if","locations":[{"start":{"line":51,"column":12},"end":{"line":53,"column":14}},{"start":{},"end":{}}],"line":51},"2":{"loc":{"start":{"line":51,"column":16},"end":{"line":51,"column":71}},"type":"binary-expr","locations":[{"start":{"line":51,"column":16},"end":{"line":51,"column":25}},{"start":{"line":51,"column":29},"end":{"line":51,"column":71}}],"line":51},"3":{"loc":{"start":{"line":90,"column":23},"end":{"line":103,"column":17}},"type":"cond-expr","locations":[{"start":{"line":90,"column":47},"end":{"line":94,"column":17}},{"start":{"line":94,"column":18},"end":{"line":103,"column":17}}],"line":90},"4":{"loc":{"start":{"line":90,"column":24},"end":{"line":90,"column":44}},"type":"binary-expr","locations":[{"start":{"line":90,"column":24},"end":{"line":90,"column":35}},{"start":{"line":90,"column":37},"end":{"line":90,"column":44}}],"line":90},"5":{"loc":{"start":{"line":94,"column":18},"end":{"line":103,"column":17}},"type":"cond-expr","locations":[{"start":{"line":94,"column":27},"end":{"line":97,"column":17}},{"start":{"line":97,"column":18},"end":{"line":103,"column":17}}],"line":94},"6":{"loc":{"start":{"line":97,"column":18},"end":{"line":103,"column":17}},"type":"cond-expr","locations":[{"start":{"line":97,"column":30},"end":{"line":101,"column":17}},{"start":{"line":101,"column":18},"end":{"line":103,"column":17}}],"line":97}},"s":{"0":3,"1":3,"2":3,"3":2,"4":1,"5":1,"6":1,"7":1,"8":1,"9":1,"10":3,"11":3,"12":3,"13":3,"14":2,"15":2,"16":0,"17":0,"18":0,"19":1,"20":1,"21":0,"22":0,"23":0,"24":0,"25":0,"26":0,"27":0,"28":0,"29":0,"30":0,"31":0,"32":0},"f":{"0":3,"1":3,"2":0,"3":0},"b":{"0":[1,1],"1":[2,0],"2":[2,1],"3":[0,0],"4":[0,0],"5":[0,0],"6":[0,0]},"_coverageSchema":"1a1c01bbd47fc00a2c39e90264f33305004495a9","hash":"92fca4666f3c39622df233abcc5521760d426bc5"}
,"D:\\project\\home_automation_node\\app\\User\\Validator.js": {"path":"D:\\project\\home_automation_node\\app\\User\\Validator.js","statementMap":{"0":{"start":{"line":3,"column":24},"end":{"line":33,"column":1}},"1":{"start":{"line":5,"column":17},"end":{"line":5,"column":25}},"2":{"start":{"line":6,"column":57},"end":{"line":6,"column":61}},"3":{"start":{"line":7,"column":4},"end":{"line":32,"column":5}},"4":{"start":{"line":8,"column":8},"end":{"line":8,"column":106}},"5":{"start":{"line":10,"column":9},"end":{"line":32,"column":5}},"6":{"start":{"line":11,"column":8},"end":{"line":11,"column":116}},"7":{"start":{"line":12,"column":11},"end":{"line":32,"column":5}},"8":{"start":{"line":13,"column":8},"end":{"line":13,"column":120}},"9":{"start":{"line":14,"column":11},"end":{"line":32,"column":5}},"10":{"start":{"line":15,"column":8},"end":{"line":15,"column":109}},"11":{"start":{"line":16,"column":11},"end":{"line":32,"column":5}},"12":{"start":{"line":17,"column":8},"end":{"line":17,"column":116}},"13":{"start":{"line":18,"column":11},"end":{"line":32,"column":5}},"14":{"start":{"line":19,"column":8},"end":{"line":19,"column":119}},"15":{"start":{"line":20,"column":11},"end":{"line":32,"column":5}},"16":{"start":{"line":21,"column":8},"end":{"line":21,"column":102}},"17":{"start":{"line":22,"column":11},"end":{"line":32,"column":5}},"18":{"start":{"line":23,"column":8},"end":{"line":23,"column":122}},"19":{"start":{"line":24,"column":11},"end":{"line":32,"column":5}},"20":{"start":{"line":25,"column":8},"end":{"line":25,"column":105}},"21":{"start":{"line":26,"column":11},"end":{"line":32,"column":5}},"22":{"start":{"line":27,"column":8},"end":{"line":27,"column":115}},"23":{"start":{"line":28,"column":11},"end":{"line":32,"column":5}},"24":{"start":{"line":29,"column":8},"end":{"line":29,"column":116}},"25":{"start":{"line":31,"column":8},"end":{"line":31,"column":14}},"26":{"start":{"line":35,"column":29},"end":{"line":48,"column":1}},"27":{"start":{"line":37,"column":17},"end":{"line":37,"column":25}},"28":{"start":{"line":38,"column":32},"end":{"line":38,"column":36}},"29":{"start":{"line":39,"column":4},"end":{"line":47,"column":5}},"30":{"start":{"line":40,"column":8},"end":{"line":40,"column":102}},"31":{"start":{"line":41,"column":11},"end":{"line":47,"column":5}},"32":{"start":{"line":42,"column":8},"end":{"line":42,"column":122}},"33":{"start":{"line":43,"column":11},"end":{"line":47,"column":5}},"34":{"start":{"line":44,"column":8},"end":{"line":44,"column":105}},"35":{"start":{"line":46,"column":8},"end":{"line":46,"column":14}}},"fnMap":{"0":{"name":"(anonymous_0)","decl":{"start":{"line":3,"column":24},"end":{"line":3,"column":25}},"loc":{"start":{"line":3,"column":40},"end":{"line":33,"column":1}},"line":3},"1":{"name":"(anonymous_1)","decl":{"start":{"line":35,"column":29},"end":{"line":35,"column":30}},"loc":{"start":{"line":35,"column":45},"end":{"line":48,"column":1}},"line":35}},"branchMap":{"0":{"loc":{"start":{"line":7,"column":4},"end":{"line":32,"column":5}},"type":"if","locations":[{"start":{"line":7,"column":4},"end":{"line":32,"column":5}},{"start":{"line":10,"column":9},"end":{"line":32,"column":5}}],"line":7},"1":{"loc":{"start":{"line":10,"column":9},"end":{"line":32,"column":5}},"type":"if","locations":[{"start":{"line":10,"column":9},"end":{"line":32,"column":5}},{"start":{"line":12,"column":11},"end":{"line":32,"column":5}}],"line":10},"2":{"loc":{"start":{"line":12,"column":11},"end":{"line":32,"column":5}},"type":"if","locations":[{"start":{"line":12,"column":11},"end":{"line":32,"column":5}},{"start":{"line":14,"column":11},"end":{"line":32,"column":5}}],"line":12},"3":{"loc":{"start":{"line":14,"column":11},"end":{"line":32,"column":5}},"type":"if","locations":[{"start":{"line":14,"column":11},"end":{"line":32,"column":5}},{"start":{"line":16,"column":11},"end":{"line":32,"column":5}}],"line":14},"4":{"loc":{"start":{"line":16,"column":11},"end":{"line":32,"column":5}},"type":"if","locations":[{"start":{"line":16,"column":11},"end":{"line":32,"column":5}},{"start":{"line":18,"column":11},"end":{"line":32,"column":5}}],"line":16},"5":{"loc":{"start":{"line":18,"column":11},"end":{"line":32,"column":5}},"type":"if","locations":[{"start":{"line":18,"column":11},"end":{"line":32,"column":5}},{"start":{"line":20,"column":11},"end":{"line":32,"column":5}}],"line":18},"6":{"loc":{"start":{"line":20,"column":11},"end":{"line":32,"column":5}},"type":"if","locations":[{"start":{"line":20,"column":11},"end":{"line":32,"column":5}},{"start":{"line":22,"column":11},"end":{"line":32,"column":5}}],"line":20},"7":{"loc":{"start":{"line":22,"column":11},"end":{"line":32,"column":5}},"type":"if","locations":[{"start":{"line":22,"column":11},"end":{"line":32,"column":5}},{"start":{"line":24,"column":11},"end":{"line":32,"column":5}}],"line":22},"8":{"loc":{"start":{"line":24,"column":11},"end":{"line":32,"column":5}},"type":"if","locations":[{"start":{"line":24,"column":11},"end":{"line":32,"column":5}},{"start":{"line":26,"column":11},"end":{"line":32,"column":5}}],"line":24},"9":{"loc":{"start":{"line":26,"column":11},"end":{"line":32,"column":5}},"type":"if","locations":[{"start":{"line":26,"column":11},"end":{"line":32,"column":5}},{"start":{"line":28,"column":11},"end":{"line":32,"column":5}}],"line":26},"10":{"loc":{"start":{"line":28,"column":11},"end":{"line":32,"column":5}},"type":"if","locations":[{"start":{"line":28,"column":11},"end":{"line":32,"column":5}},{"start":{"line":30,"column":11},"end":{"line":32,"column":5}}],"line":28},"11":{"loc":{"start":{"line":39,"column":4},"end":{"line":47,"column":5}},"type":"if","locations":[{"start":{"line":39,"column":4},"end":{"line":47,"column":5}},{"start":{"line":41,"column":11},"end":{"line":47,"column":5}}],"line":39},"12":{"loc":{"start":{"line":41,"column":11},"end":{"line":47,"column":5}},"type":"if","locations":[{"start":{"line":41,"column":11},"end":{"line":47,"column":5}},{"start":{"line":43,"column":11},"end":{"line":47,"column":5}}],"line":41},"13":{"loc":{"start":{"line":43,"column":11},"end":{"line":47,"column":5}},"type":"if","locations":[{"start":{"line":43,"column":11},"end":{"line":47,"column":5}},{"start":{"line":45,"column":11},"end":{"line":47,"column":5}}],"line":43}},"s":{"0":2,"1":0,"2":0,"3":0,"4":0,"5":0,"6":0,"7":0,"8":0,"9":0,"10":0,"11":0,"12":0,"13":0,"14":0,"15":0,"16":0,"17":0,"18":0,"19":0,"20":0,"21":0,"22":0,"23":0,"24":0,"25":0,"26":2,"27":0,"28":0,"29":0,"30":0,"31":0,"32":0,"33":0,"34":0,"35":0},"f":{"0":0,"1":0},"b":{"0":[0,0],"1":[0,0],"2":[0,0],"3":[0,0],"4":[0,0],"5":[0,0],"6":[0,0],"7":[0,0],"8":[0,0],"9":[0,0],"10":[0,0],"11":[0,0],"12":[0,0],"13":[0,0]},"_coverageSchema":"1a1c01bbd47fc00a2c39e90264f33305004495a9","hash":"f6eb61114cb68138df3218cbd6d64f0479efcbba"}
,"D:\\project\\home_automation_node\\app\\User\\index.js": {"path":"D:\\project\\home_automation_node\\app\\User\\index.js","statementMap":{},"fnMap":{},"branchMap":{},"s":{},"f":{},"b":{},"_coverageSchema":"1a1c01bbd47fc00a2c39e90264f33305004495a9","hash":"f4d933dadd4de0b32aa60db03ddcc377af6e564c"}
,"D:\\project\\home_automation_node\\config\\index.js": {"path":"D:\\project\\home_automation_node\\config\\index.js","statementMap":{"0":{"start":{"line":1,"column":25},"end":{"line":6,"column":1}}},"fnMap":{},"branchMap":{},"s":{"0":1},"f":{},"b":{},"_coverageSchema":"1a1c01bbd47fc00a2c39e90264f33305004495a9","hash":"7ef461fb1218785c8653f7fc6344509faf907222"}
,"D:\\project\\home_automation_node\\util\\index.js": {"path":"D:\\project\\home_automation_node\\util\\index.js","statementMap":{"0":{"start":{"line":3,"column":27},"end":{"line":5,"column":1}},"1":{"start":{"line":4,"column":4},"end":{"line":4,"column":78}},"2":{"start":{"line":7,"column":32},"end":{"line":10,"column":1}},"3":{"start":{"line":8,"column":23},"end":{"line":8,"column":33}},"4":{"start":{"line":9,"column":4},"end":{"line":9,"column":40}},"5":{"start":{"line":12,"column":26},"end":{"line":15,"column":1}},"6":{"start":{"line":13,"column":23},"end":{"line":13,"column":51}},"7":{"start":{"line":14,"column":4},"end":{"line":14,"column":34}},"8":{"start":{"line":17,"column":37},"end":{"line":19,"column":1}},"9":{"start":{"line":18,"column":4},"end":{"line":18,"column":36}},"10":{"start":{"line":21,"column":29},"end":{"line":23,"column":1}},"11":{"start":{"line":22,"column":4},"end":{"line":22,"column":32}},"12":{"start":{"line":25,"column":31},"end":{"line":27,"column":1}},"13":{"start":{"line":26,"column":4},"end":{"line":26,"column":32}},"14":{"start":{"line":28,"column":40},"end":{"line":30,"column":1}},"15":{"start":{"line":29,"column":4},"end":{"line":29,"column":33}}},"fnMap":{"0":{"name":"(anonymous_0)","decl":{"start":{"line":3,"column":27},"end":{"line":3,"column":28}},"loc":{"start":{"line":3,"column":41},"end":{"line":5,"column":1}},"line":3},"1":{"name":"(anonymous_1)","decl":{"start":{"line":7,"column":32},"end":{"line":7,"column":33}},"loc":{"start":{"line":7,"column":48},"end":{"line":10,"column":1}},"line":7},"2":{"name":"(anonymous_2)","decl":{"start":{"line":12,"column":26},"end":{"line":12,"column":27}},"loc":{"start":{"line":12,"column":36},"end":{"line":15,"column":1}},"line":12},"3":{"name":"(anonymous_3)","decl":{"start":{"line":17,"column":37},"end":{"line":17,"column":38}},"loc":{"start":{"line":17,"column":53},"end":{"line":19,"column":1}},"line":17},"4":{"name":"(anonymous_4)","decl":{"start":{"line":21,"column":29},"end":{"line":21,"column":30}},"loc":{"start":{"line":21,"column":42},"end":{"line":23,"column":1}},"line":21},"5":{"name":"(anonymous_5)","decl":{"start":{"line":25,"column":31},"end":{"line":25,"column":32}},"loc":{"start":{"line":25,"column":45},"end":{"line":27,"column":1}},"line":25},"6":{"name":"(anonymous_6)","decl":{"start":{"line":28,"column":40},"end":{"line":28,"column":41}},"loc":{"start":{"line":28,"column":54},"end":{"line":30,"column":1}},"line":28}},"branchMap":{},"s":{"0":3,"1":2,"2":3,"3":0,"4":0,"5":3,"6":1,"7":1,"8":3,"9":0,"10":3,"11":0,"12":3,"13":0,"14":3,"15":0},"f":{"0":2,"1":0,"2":1,"3":0,"4":0,"5":0,"6":0},"b":{},"_coverageSchema":"1a1c01bbd47fc00a2c39e90264f33305004495a9","hash":"2086e2bbab545aa980b83aad90cacc0f6ebc184b"}
}
