{"D:\\Project\\home_automation_node\\app\\Device\\Handler.js": {"path":"D:\\Project\\home_automation_node\\app\\Device\\Handler.js","statementMap":{"0":{"start":{"line":6,"column":8},"end":{"line":13,"column":9}},"1":{"start":{"line":8,"column":16},"end":{"line":8,"column":58}},"2":{"start":{"line":11,"column":12},"end":{"line":11,"column":46}},"3":{"start":{"line":12,"column":12},"end":{"line":12,"column":110}},"4":{"start":{"line":17,"column":8},"end":{"line":23,"column":9}},"5":{"start":{"line":18,"column":23},"end":{"line":18,"column":32}},"6":{"start":{"line":19,"column":12},"end":{"line":19,"column":49}},"7":{"start":{"line":21,"column":12},"end":{"line":21,"column":51}},"8":{"start":{"line":22,"column":12},"end":{"line":22,"column":110}},"9":{"start":{"line":27,"column":8},"end":{"line":33,"column":9}},"10":{"start":{"line":28,"column":25},"end":{"line":28,"column":33}},"11":{"start":{"line":29,"column":12},"end":{"line":29,"column":49}},"12":{"start":{"line":31,"column":12},"end":{"line":31,"column":49}},"13":{"start":{"line":32,"column":12},"end":{"line":32,"column":110}},"14":{"start":{"line":37,"column":8},"end":{"line":43,"column":9}},"15":{"start":{"line":38,"column":25},"end":{"line":38,"column":33}},"16":{"start":{"line":39,"column":12},"end":{"line":39,"column":49}},"17":{"start":{"line":41,"column":12},"end":{"line":41,"column":49}},"18":{"start":{"line":42,"column":12},"end":{"line":42,"column":110}}},"fnMap":{"0":{"name":"(anonymous_0)","decl":{"start":{"line":5,"column":4},"end":{"line":5,"column":5}},"loc":{"start":{"line":5,"column":30},"end":{"line":14,"column":5}},"line":5},"1":{"name":"(anonymous_1)","decl":{"start":{"line":16,"column":4},"end":{"line":16,"column":5}},"loc":{"start":{"line":16,"column":34},"end":{"line":24,"column":5}},"line":16},"2":{"name":"(anonymous_2)","decl":{"start":{"line":26,"column":4},"end":{"line":26,"column":5}},"loc":{"start":{"line":26,"column":33},"end":{"line":34,"column":5}},"line":26},"3":{"name":"(anonymous_3)","decl":{"start":{"line":36,"column":4},"end":{"line":36,"column":5}},"loc":{"start":{"line":36,"column":33},"end":{"line":44,"column":5}},"line":36}},"branchMap":{},"s":{"0":2,"1":2,"2":2,"3":2,"4":2,"5":2,"6":2,"7":1,"8":1,"9":2,"10":2,"11":2,"12":1,"13":1,"14":2,"15":2,"16":2,"17":1,"18":1},"f":{"0":2,"1":2,"2":2,"3":2},"b":{},"_coverageSchema":"1a1c01bbd47fc00a2c39e90264f33305004495a9","hash":"82804ae022540f1de3bb22de46365de01a9b56cc"}
,"D:\\Project\\home_automation_node\\app\\Device\\Service.js": {"path":"D:\\Project\\home_automation_node\\app\\Device\\Service.js","statementMap":{"0":{"start":{"line":5,"column":8},"end":{"line":28,"column":9}},"1":{"start":{"line":6,"column":65},"end":{"line":6,"column":69}},"2":{"start":{"line":7,"column":32},"end":{"line":11,"column":14}},"3":{"start":{"line":12,"column":12},"end":{"line":24,"column":13}},"4":{"start":{"line":13,"column":16},"end":{"line":13,"column":105}},"5":{"start":{"line":15,"column":32},"end":{"line":21,"column":17}},"6":{"start":{"line":22,"column":16},"end":{"line":22,"column":70}},"7":{"start":{"line":23,"column":16},"end":{"line":23,"column":110}},"8":{"start":{"line":26,"column":12},"end":{"line":26,"column":46}},"9":{"start":{"line":27,"column":12},"end":{"line":27,"column":110}},"10":{"start":{"line":32,"column":8},"end":{"line":49,"column":9}},"11":{"start":{"line":33,"column":30},"end":{"line":37,"column":13}},"12":{"start":{"line":38,"column":31},"end":{"line":44,"column":14}},"13":{"start":{"line":45,"column":12},"end":{"line":45,"column":110}},"14":{"start":{"line":47,"column":12},"end":{"line":47,"column":51}},"15":{"start":{"line":48,"column":12},"end":{"line":48,"column":110}},"16":{"start":{"line":52,"column":8},"end":{"line":75,"column":9}},"17":{"start":{"line":53,"column":80},"end":{"line":53,"column":84}},"18":{"start":{"line":54,"column":27},"end":{"line":58,"column":14}},"19":{"start":{"line":59,"column":12},"end":{"line":71,"column":13}},"20":{"start":{"line":60,"column":16},"end":{"line":60,"column":93}},"21":{"start":{"line":62,"column":32},"end":{"line":68,"column":17}},"22":{"start":{"line":69,"column":16},"end":{"line":69,"column":63}},"23":{"start":{"line":70,"column":16},"end":{"line":70,"column":112}},"24":{"start":{"line":73,"column":12},"end":{"line":73,"column":49}},"25":{"start":{"line":74,"column":12},"end":{"line":74,"column":110}},"26":{"start":{"line":79,"column":8},"end":{"line":95,"column":9}},"27":{"start":{"line":80,"column":27},"end":{"line":80,"column":31}},"28":{"start":{"line":81,"column":27},"end":{"line":85,"column":14}},"29":{"start":{"line":86,"column":12},"end":{"line":91,"column":13}},"30":{"start":{"line":87,"column":16},"end":{"line":87,"column":100}},"31":{"start":{"line":89,"column":16},"end":{"line":89,"column":38}},"32":{"start":{"line":90,"column":16},"end":{"line":90,"column":112}},"33":{"start":{"line":93,"column":12},"end":{"line":93,"column":49}},"34":{"start":{"line":94,"column":12},"end":{"line":94,"column":110}}},"fnMap":{"0":{"name":"(anonymous_0)","decl":{"start":{"line":4,"column":4},"end":{"line":4,"column":5}},"loc":{"start":{"line":4,"column":39},"end":{"line":29,"column":5}},"line":4},"1":{"name":"(anonymous_1)","decl":{"start":{"line":31,"column":4},"end":{"line":31,"column":5}},"loc":{"start":{"line":31,"column":35},"end":{"line":50,"column":5}},"line":31},"2":{"name":"(anonymous_2)","decl":{"start":{"line":51,"column":4},"end":{"line":51,"column":5}},"loc":{"start":{"line":51,"column":34},"end":{"line":76,"column":5}},"line":51},"3":{"name":"(anonymous_3)","decl":{"start":{"line":78,"column":4},"end":{"line":78,"column":5}},"loc":{"start":{"line":78,"column":34},"end":{"line":96,"column":5}},"line":78}},"branchMap":{"0":{"loc":{"start":{"line":12,"column":12},"end":{"line":24,"column":13}},"type":"if","locations":[{"start":{"line":12,"column":12},"end":{"line":24,"column":13}},{"start":{"line":14,"column":19},"end":{"line":24,"column":13}}],"line":12},"1":{"loc":{"start":{"line":33,"column":30},"end":{"line":37,"column":13}},"type":"cond-expr","locations":[{"start":{"line":33,"column":44},"end":{"line":35,"column":13}},{"start":{"line":35,"column":16},"end":{"line":37,"column":13}}],"line":33},"2":{"loc":{"start":{"line":59,"column":12},"end":{"line":71,"column":13}},"type":"if","locations":[{"start":{"line":59,"column":12},"end":{"line":71,"column":13}},{"start":{"line":61,"column":19},"end":{"line":71,"column":13}}],"line":59},"3":{"loc":{"start":{"line":86,"column":12},"end":{"line":91,"column":13}},"type":"if","locations":[{"start":{"line":86,"column":12},"end":{"line":91,"column":13}},{"start":{"line":88,"column":19},"end":{"line":91,"column":13}}],"line":86}},"s":{"0":3,"1":3,"2":3,"3":0,"4":0,"5":0,"6":0,"7":0,"8":3,"9":3,"10":2,"11":2,"12":0,"13":0,"14":2,"15":2,"16":3,"17":3,"18":3,"19":0,"20":0,"21":0,"22":0,"23":0,"24":3,"25":3,"26":3,"27":3,"28":3,"29":0,"30":0,"31":0,"32":0,"33":3,"34":3},"f":{"0":3,"1":2,"2":3,"3":3},"b":{"0":[0,0],"1":[2,0],"2":[0,0],"3":[0,0]},"_coverageSchema":"1a1c01bbd47fc00a2c39e90264f33305004495a9","hash":"0757d54f7f87bc2c60b2919e41eae9ea419469cb"}
,"D:\\Project\\home_automation_node\\app\\Device\\Validation.js": {"path":"D:\\Project\\home_automation_node\\app\\Device\\Validation.js","statementMap":{"0":{"start":{"line":3,"column":24},"end":{"line":17,"column":1}},"1":{"start":{"line":4,"column":17},"end":{"line":4,"column":25}},"2":{"start":{"line":5,"column":19},"end":{"line":5,"column":34}},"3":{"start":{"line":6,"column":43},"end":{"line":6,"column":47}},"4":{"start":{"line":7,"column":4},"end":{"line":16,"column":5}},"5":{"start":{"line":8,"column":8},"end":{"line":8,"column":108}},"6":{"start":{"line":9,"column":11},"end":{"line":16,"column":5}},"7":{"start":{"line":10,"column":8},"end":{"line":10,"column":103}},"8":{"start":{"line":12,"column":9},"end":{"line":16,"column":5}},"9":{"start":{"line":13,"column":8},"end":{"line":13,"column":103}},"10":{"start":{"line":15,"column":8},"end":{"line":15,"column":14}}},"fnMap":{"0":{"name":"(anonymous_0)","decl":{"start":{"line":3,"column":24},"end":{"line":3,"column":25}},"loc":{"start":{"line":3,"column":40},"end":{"line":17,"column":1}},"line":3}},"branchMap":{"0":{"loc":{"start":{"line":7,"column":4},"end":{"line":16,"column":5}},"type":"if","locations":[{"start":{"line":7,"column":4},"end":{"line":16,"column":5}},{"start":{"line":9,"column":11},"end":{"line":16,"column":5}}],"line":7},"1":{"loc":{"start":{"line":9,"column":11},"end":{"line":16,"column":5}},"type":"if","locations":[{"start":{"line":9,"column":11},"end":{"line":16,"column":5}},{"start":{"line":12,"column":9},"end":{"line":16,"column":5}}],"line":9},"2":{"loc":{"start":{"line":12,"column":9},"end":{"line":16,"column":5}},"type":"if","locations":[{"start":{"line":12,"column":9},"end":{"line":16,"column":5}},{"start":{"line":14,"column":10},"end":{"line":16,"column":5}}],"line":12}},"s":{"0":1,"1":2,"2":2,"3":2,"4":2,"5":1,"6":1,"7":0,"8":1,"9":0,"10":1},"f":{"0":2},"b":{"0":[1,1],"1":[0,1],"2":[0,1]},"_coverageSchema":"1a1c01bbd47fc00a2c39e90264f33305004495a9","hash":"e95cf4e33397da99712e2477d83978ec5f905fac"}
,"D:\\Project\\home_automation_node\\app\\Home\\Handler.js": {"path":"D:\\Project\\home_automation_node\\app\\Home\\Handler.js","statementMap":{"0":{"start":{"line":6,"column":8},"end":{"line":16,"column":9}},"1":{"start":{"line":7,"column":25},"end":{"line":7,"column":33}},"2":{"start":{"line":8,"column":27},"end":{"line":8,"column":42}},"3":{"start":{"line":9,"column":33},"end":{"line":9,"column":37}},"4":{"start":{"line":11,"column":16},"end":{"line":11,"column":56}},"5":{"start":{"line":14,"column":12},"end":{"line":14,"column":44}},"6":{"start":{"line":15,"column":12},"end":{"line":15,"column":110}},"7":{"start":{"line":20,"column":8},"end":{"line":27,"column":9}},"8":{"start":{"line":21,"column":27},"end":{"line":21,"column":42}},"9":{"start":{"line":23,"column":12},"end":{"line":23,"column":49}},"10":{"start":{"line":25,"column":12},"end":{"line":25,"column":49}},"11":{"start":{"line":26,"column":12},"end":{"line":26,"column":110}},"12":{"start":{"line":31,"column":8},"end":{"line":38,"column":9}},"13":{"start":{"line":32,"column":25},"end":{"line":32,"column":33}},"14":{"start":{"line":33,"column":37},"end":{"line":33,"column":41}},"15":{"start":{"line":34,"column":16},"end":{"line":34,"column":51}},"16":{"start":{"line":36,"column":12},"end":{"line":36,"column":47}},"17":{"start":{"line":37,"column":12},"end":{"line":37,"column":110}},"18":{"start":{"line":42,"column":8},"end":{"line":48,"column":9}},"19":{"start":{"line":43,"column":25},"end":{"line":43,"column":33}},"20":{"start":{"line":44,"column":12},"end":{"line":44,"column":47}},"21":{"start":{"line":46,"column":12},"end":{"line":46,"column":42}},"22":{"start":{"line":47,"column":12},"end":{"line":47,"column":110}}},"fnMap":{"0":{"name":"(anonymous_0)","decl":{"start":{"line":5,"column":4},"end":{"line":5,"column":5}},"loc":{"start":{"line":5,"column":28},"end":{"line":17,"column":5}},"line":5},"1":{"name":"(anonymous_1)","decl":{"start":{"line":19,"column":4},"end":{"line":19,"column":5}},"loc":{"start":{"line":19,"column":32},"end":{"line":28,"column":5}},"line":19},"2":{"name":"(anonymous_2)","decl":{"start":{"line":30,"column":4},"end":{"line":30,"column":5}},"loc":{"start":{"line":30,"column":31},"end":{"line":39,"column":5}},"line":30},"3":{"name":"(anonymous_3)","decl":{"start":{"line":41,"column":4},"end":{"line":41,"column":5}},"loc":{"start":{"line":41,"column":31},"end":{"line":49,"column":5}},"line":41}},"branchMap":{},"s":{"0":2,"1":2,"2":2,"3":2,"4":2,"5":1,"6":1,"7":2,"8":2,"9":0,"10":2,"11":2,"12":2,"13":2,"14":2,"15":2,"16":1,"17":1,"18":2,"19":2,"20":2,"21":1,"22":1},"f":{"0":2,"1":2,"2":2,"3":2},"b":{},"_coverageSchema":"1a1c01bbd47fc00a2c39e90264f33305004495a9","hash":"7cbe7bbb9336fd750982a65472ba356771f25d28"}
,"D:\\Project\\home_automation_node\\app\\Home\\Service.js": {"path":"D:\\Project\\home_automation_node\\app\\Home\\Service.js","statementMap":{"0":{"start":{"line":5,"column":8},"end":{"line":26,"column":9}},"1":{"start":{"line":6,"column":33},"end":{"line":6,"column":37}},"2":{"start":{"line":7,"column":30},"end":{"line":11,"column":14}},"3":{"start":{"line":12,"column":12},"end":{"line":22,"column":13}},"4":{"start":{"line":13,"column":16},"end":{"line":13,"column":103}},"5":{"start":{"line":15,"column":32},"end":{"line":19,"column":17}},"6":{"start":{"line":20,"column":16},"end":{"line":20,"column":68}},"7":{"start":{"line":21,"column":16},"end":{"line":21,"column":108}},"8":{"start":{"line":24,"column":12},"end":{"line":24,"column":44}},"9":{"start":{"line":25,"column":12},"end":{"line":25,"column":110}},"10":{"start":{"line":30,"column":8},"end":{"line":40,"column":9}},"11":{"start":{"line":31,"column":29},"end":{"line":35,"column":14}},"12":{"start":{"line":36,"column":12},"end":{"line":36,"column":108}},"13":{"start":{"line":38,"column":12},"end":{"line":38,"column":49}},"14":{"start":{"line":39,"column":12},"end":{"line":39,"column":110}},"15":{"start":{"line":43,"column":8},"end":{"line":63,"column":9}},"16":{"start":{"line":44,"column":48},"end":{"line":44,"column":52}},"17":{"start":{"line":45,"column":27},"end":{"line":49,"column":14}},"18":{"start":{"line":50,"column":12},"end":{"line":59,"column":13}},"19":{"start":{"line":51,"column":16},"end":{"line":51,"column":91}},"20":{"start":{"line":53,"column":32},"end":{"line":56,"column":17}},"21":{"start":{"line":57,"column":16},"end":{"line":57,"column":63}},"22":{"start":{"line":58,"column":16},"end":{"line":58,"column":110}},"23":{"start":{"line":61,"column":12},"end":{"line":61,"column":47}},"24":{"start":{"line":62,"column":12},"end":{"line":62,"column":110}},"25":{"start":{"line":67,"column":8},"end":{"line":83,"column":9}},"26":{"start":{"line":68,"column":27},"end":{"line":68,"column":31}},"27":{"start":{"line":69,"column":27},"end":{"line":73,"column":14}},"28":{"start":{"line":74,"column":12},"end":{"line":79,"column":13}},"29":{"start":{"line":75,"column":16},"end":{"line":75,"column":98}},"30":{"start":{"line":77,"column":16},"end":{"line":77,"column":38}},"31":{"start":{"line":78,"column":16},"end":{"line":78,"column":109}},"32":{"start":{"line":81,"column":12},"end":{"line":81,"column":46}},"33":{"start":{"line":82,"column":12},"end":{"line":82,"column":110}}},"fnMap":{"0":{"name":"(anonymous_0)","decl":{"start":{"line":4,"column":4},"end":{"line":4,"column":5}},"loc":{"start":{"line":4,"column":37},"end":{"line":27,"column":5}},"line":4},"1":{"name":"(anonymous_1)","decl":{"start":{"line":29,"column":4},"end":{"line":29,"column":5}},"loc":{"start":{"line":29,"column":34},"end":{"line":41,"column":5}},"line":29},"2":{"name":"(anonymous_2)","decl":{"start":{"line":42,"column":4},"end":{"line":42,"column":5}},"loc":{"start":{"line":42,"column":32},"end":{"line":64,"column":5}},"line":42},"3":{"name":"(anonymous_3)","decl":{"start":{"line":66,"column":4},"end":{"line":66,"column":5}},"loc":{"start":{"line":66,"column":32},"end":{"line":84,"column":5}},"line":66}},"branchMap":{"0":{"loc":{"start":{"line":12,"column":12},"end":{"line":22,"column":13}},"type":"if","locations":[{"start":{"line":12,"column":12},"end":{"line":22,"column":13}},{"start":{"line":14,"column":19},"end":{"line":22,"column":13}}],"line":12},"1":{"loc":{"start":{"line":50,"column":12},"end":{"line":59,"column":13}},"type":"if","locations":[{"start":{"line":50,"column":12},"end":{"line":59,"column":13}},{"start":{"line":52,"column":19},"end":{"line":59,"column":13}}],"line":50},"2":{"loc":{"start":{"line":74,"column":12},"end":{"line":79,"column":13}},"type":"if","locations":[{"start":{"line":74,"column":12},"end":{"line":79,"column":13}},{"start":{"line":76,"column":19},"end":{"line":79,"column":13}}],"line":74}},"s":{"0":3,"1":3,"2":3,"3":0,"4":0,"5":0,"6":0,"7":0,"8":3,"9":3,"10":2,"11":2,"12":0,"13":2,"14":2,"15":3,"16":3,"17":3,"18":0,"19":0,"20":0,"21":0,"22":0,"23":3,"24":3,"25":3,"26":3,"27":3,"28":0,"29":0,"30":0,"31":0,"32":3,"33":3},"f":{"0":3,"1":2,"2":3,"3":3},"b":{"0":[0,0],"1":[0,0],"2":[0,0]},"_coverageSchema":"1a1c01bbd47fc00a2c39e90264f33305004495a9","hash":"034fbda47dc203c3aab92f76deb0ea8689979869"}
,"D:\\Project\\home_automation_node\\app\\Home\\Validation.js": {"path":"D:\\Project\\home_automation_node\\app\\Home\\Validation.js","statementMap":{"0":{"start":{"line":3,"column":24},"end":{"line":12,"column":1}},"1":{"start":{"line":4,"column":17},"end":{"line":4,"column":25}},"2":{"start":{"line":5,"column":19},"end":{"line":5,"column":34}},"3":{"start":{"line":6,"column":25},"end":{"line":6,"column":29}},"4":{"start":{"line":7,"column":4},"end":{"line":11,"column":5}},"5":{"start":{"line":8,"column":8},"end":{"line":8,"column":106}},"6":{"start":{"line":10,"column":8},"end":{"line":10,"column":14}}},"fnMap":{"0":{"name":"(anonymous_0)","decl":{"start":{"line":3,"column":24},"end":{"line":3,"column":25}},"loc":{"start":{"line":3,"column":40},"end":{"line":12,"column":1}},"line":3}},"branchMap":{"0":{"loc":{"start":{"line":7,"column":4},"end":{"line":11,"column":5}},"type":"if","locations":[{"start":{"line":7,"column":4},"end":{"line":11,"column":5}},{"start":{"line":9,"column":12},"end":{"line":11,"column":5}}],"line":7}},"s":{"0":1,"1":2,"2":2,"3":2,"4":2,"5":1,"6":1},"f":{"0":2},"b":{"0":[1,1]},"_coverageSchema":"1a1c01bbd47fc00a2c39e90264f33305004495a9","hash":"d1c252bf420a7a3493310f336acb8e712a04d892"}
,"D:\\Project\\home_automation_node\\app\\Room\\Handler.js": {"path":"D:\\Project\\home_automation_node\\app\\Room\\Handler.js","statementMap":{"0":{"start":{"line":6,"column":8},"end":{"line":18,"column":9}},"1":{"start":{"line":7,"column":25},"end":{"line":7,"column":33}},"2":{"start":{"line":8,"column":27},"end":{"line":8,"column":42}},"3":{"start":{"line":9,"column":40},"end":{"line":9,"column":44}},"4":{"start":{"line":10,"column":12},"end":{"line":14,"column":13}},"5":{"start":{"line":11,"column":16},"end":{"line":11,"column":114}},"6":{"start":{"line":13,"column":16},"end":{"line":13,"column":56}},"7":{"start":{"line":16,"column":12},"end":{"line":16,"column":44}},"8":{"start":{"line":17,"column":12},"end":{"line":17,"column":110}},"9":{"start":{"line":22,"column":8},"end":{"line":28,"column":9}},"10":{"start":{"line":23,"column":25},"end":{"line":23,"column":34}},"11":{"start":{"line":24,"column":12},"end":{"line":24,"column":49}},"12":{"start":{"line":26,"column":12},"end":{"line":26,"column":49}},"13":{"start":{"line":27,"column":12},"end":{"line":27,"column":110}},"14":{"start":{"line":32,"column":8},"end":{"line":38,"column":9}},"15":{"start":{"line":33,"column":25},"end":{"line":33,"column":33}},"16":{"start":{"line":34,"column":16},"end":{"line":34,"column":51}},"17":{"start":{"line":36,"column":12},"end":{"line":36,"column":47}},"18":{"start":{"line":37,"column":12},"end":{"line":37,"column":110}},"19":{"start":{"line":42,"column":8},"end":{"line":48,"column":9}},"20":{"start":{"line":43,"column":25},"end":{"line":43,"column":33}},"21":{"start":{"line":44,"column":12},"end":{"line":44,"column":47}},"22":{"start":{"line":47,"column":12},"end":{"line":47,"column":110}}},"fnMap":{"0":{"name":"(anonymous_0)","decl":{"start":{"line":5,"column":4},"end":{"line":5,"column":5}},"loc":{"start":{"line":5,"column":28},"end":{"line":19,"column":5}},"line":5},"1":{"name":"(anonymous_1)","decl":{"start":{"line":21,"column":4},"end":{"line":21,"column":5}},"loc":{"start":{"line":21,"column":32},"end":{"line":29,"column":5}},"line":21},"2":{"name":"(anonymous_2)","decl":{"start":{"line":31,"column":4},"end":{"line":31,"column":5}},"loc":{"start":{"line":31,"column":31},"end":{"line":39,"column":5}},"line":31},"3":{"name":"(anonymous_3)","decl":{"start":{"line":41,"column":4},"end":{"line":41,"column":5}},"loc":{"start":{"line":41,"column":31},"end":{"line":49,"column":5}},"line":41}},"branchMap":{"0":{"loc":{"start":{"line":10,"column":12},"end":{"line":14,"column":13}},"type":"if","locations":[{"start":{"line":10,"column":12},"end":{"line":14,"column":13}},{"start":{"line":12,"column":20},"end":{"line":14,"column":13}}],"line":10}},"s":{"0":2,"1":2,"2":2,"3":2,"4":2,"5":2,"6":0,"7":0,"8":0,"9":2,"10":2,"11":2,"12":1,"13":1,"14":2,"15":2,"16":2,"17":1,"18":1,"19":2,"20":2,"21":2,"22":1},"f":{"0":2,"1":2,"2":2,"3":2},"b":{"0":[2,0]},"_coverageSchema":"1a1c01bbd47fc00a2c39e90264f33305004495a9","hash":"61a9eaf76e5eee778ea13cddfb3f2ef5c8b7651f"}
,"D:\\Project\\home_automation_node\\app\\Room\\Service.js": {"path":"D:\\Project\\home_automation_node\\app\\Room\\Service.js","statementMap":{"0":{"start":{"line":5,"column":8},"end":{"line":26,"column":9}},"1":{"start":{"line":6,"column":41},"end":{"line":6,"column":45}},"2":{"start":{"line":7,"column":30},"end":{"line":11,"column":14}},"3":{"start":{"line":12,"column":12},"end":{"line":22,"column":13}},"4":{"start":{"line":13,"column":16},"end":{"line":13,"column":103}},"5":{"start":{"line":15,"column":32},"end":{"line":19,"column":17}},"6":{"start":{"line":20,"column":16},"end":{"line":20,"column":68}},"7":{"start":{"line":21,"column":16},"end":{"line":21,"column":108}},"8":{"start":{"line":24,"column":12},"end":{"line":24,"column":44}},"9":{"start":{"line":25,"column":12},"end":{"line":25,"column":110}},"10":{"start":{"line":30,"column":8},"end":{"line":47,"column":9}},"11":{"start":{"line":31,"column":30},"end":{"line":33,"column":17}},"12":{"start":{"line":35,"column":29},"end":{"line":42,"column":14}},"13":{"start":{"line":43,"column":12},"end":{"line":43,"column":108}},"14":{"start":{"line":45,"column":12},"end":{"line":45,"column":49}},"15":{"start":{"line":46,"column":12},"end":{"line":46,"column":110}},"16":{"start":{"line":50,"column":8},"end":{"line":71,"column":9}},"17":{"start":{"line":51,"column":56},"end":{"line":51,"column":60}},"18":{"start":{"line":52,"column":27},"end":{"line":56,"column":14}},"19":{"start":{"line":57,"column":12},"end":{"line":67,"column":13}},"20":{"start":{"line":58,"column":16},"end":{"line":58,"column":91}},"21":{"start":{"line":60,"column":32},"end":{"line":64,"column":17}},"22":{"start":{"line":65,"column":16},"end":{"line":65,"column":63}},"23":{"start":{"line":66,"column":16},"end":{"line":66,"column":110}},"24":{"start":{"line":69,"column":12},"end":{"line":69,"column":47}},"25":{"start":{"line":70,"column":12},"end":{"line":70,"column":110}},"26":{"start":{"line":75,"column":8},"end":{"line":91,"column":9}},"27":{"start":{"line":76,"column":27},"end":{"line":76,"column":31}},"28":{"start":{"line":77,"column":27},"end":{"line":81,"column":14}},"29":{"start":{"line":82,"column":12},"end":{"line":87,"column":13}},"30":{"start":{"line":83,"column":16},"end":{"line":83,"column":98}},"31":{"start":{"line":85,"column":16},"end":{"line":85,"column":38}},"32":{"start":{"line":86,"column":16},"end":{"line":86,"column":110}},"33":{"start":{"line":89,"column":12},"end":{"line":89,"column":47}},"34":{"start":{"line":90,"column":12},"end":{"line":90,"column":110}}},"fnMap":{"0":{"name":"(anonymous_0)","decl":{"start":{"line":4,"column":4},"end":{"line":4,"column":5}},"loc":{"start":{"line":4,"column":37},"end":{"line":27,"column":5}},"line":4},"1":{"name":"(anonymous_1)","decl":{"start":{"line":29,"column":4},"end":{"line":29,"column":5}},"loc":{"start":{"line":29,"column":33},"end":{"line":48,"column":5}},"line":29},"2":{"name":"(anonymous_2)","decl":{"start":{"line":49,"column":4},"end":{"line":49,"column":5}},"loc":{"start":{"line":49,"column":32},"end":{"line":72,"column":5}},"line":49},"3":{"name":"(anonymous_3)","decl":{"start":{"line":74,"column":4},"end":{"line":74,"column":5}},"loc":{"start":{"line":74,"column":32},"end":{"line":92,"column":5}},"line":74}},"branchMap":{"0":{"loc":{"start":{"line":12,"column":12},"end":{"line":22,"column":13}},"type":"if","locations":[{"start":{"line":12,"column":12},"end":{"line":22,"column":13}},{"start":{"line":14,"column":19},"end":{"line":22,"column":13}}],"line":12},"1":{"loc":{"start":{"line":31,"column":30},"end":{"line":33,"column":17}},"type":"cond-expr","locations":[{"start":{"line":31,"column":45},"end":{"line":33,"column":13}},{"start":{"line":33,"column":15},"end":{"line":33,"column":17}}],"line":31},"2":{"loc":{"start":{"line":57,"column":12},"end":{"line":67,"column":13}},"type":"if","locations":[{"start":{"line":57,"column":12},"end":{"line":67,"column":13}},{"start":{"line":59,"column":19},"end":{"line":67,"column":13}}],"line":57},"3":{"loc":{"start":{"line":82,"column":12},"end":{"line":87,"column":13}},"type":"if","locations":[{"start":{"line":82,"column":12},"end":{"line":87,"column":13}},{"start":{"line":84,"column":19},"end":{"line":87,"column":13}}],"line":82}},"s":{"0":3,"1":3,"2":3,"3":3,"4":1,"5":2,"6":2,"7":1,"8":1,"9":1,"10":2,"11":2,"12":2,"13":1,"14":1,"15":1,"16":3,"17":3,"18":3,"19":3,"20":1,"21":2,"22":2,"23":1,"24":1,"25":1,"26":3,"27":3,"28":3,"29":3,"30":1,"31":2,"32":1,"33":1,"34":1},"f":{"0":3,"1":2,"2":3,"3":3},"b":{"0":[1,2],"1":[2,0],"2":[1,2],"3":[1,2]},"_coverageSchema":"1a1c01bbd47fc00a2c39e90264f33305004495a9","hash":"4d4abef158eb1e1f1a78ffafd23d7a7bbad6233e"}
,"D:\\Project\\home_automation_node\\app\\Room\\Validation.js": {"path":"D:\\Project\\home_automation_node\\app\\Room\\Validation.js","statementMap":{"0":{"start":{"line":3,"column":24},"end":{"line":16,"column":1}},"1":{"start":{"line":5,"column":17},"end":{"line":5,"column":25}},"2":{"start":{"line":6,"column":19},"end":{"line":6,"column":34}},"3":{"start":{"line":7,"column":32},"end":{"line":7,"column":36}},"4":{"start":{"line":8,"column":4},"end":{"line":15,"column":5}},"5":{"start":{"line":9,"column":8},"end":{"line":9,"column":106}},"6":{"start":{"line":10,"column":11},"end":{"line":15,"column":5}},"7":{"start":{"line":11,"column":8},"end":{"line":11,"column":101}},"8":{"start":{"line":14,"column":8},"end":{"line":14,"column":14}}},"fnMap":{"0":{"name":"(anonymous_0)","decl":{"start":{"line":3,"column":24},"end":{"line":3,"column":25}},"loc":{"start":{"line":3,"column":40},"end":{"line":16,"column":1}},"line":3}},"branchMap":{"0":{"loc":{"start":{"line":8,"column":4},"end":{"line":15,"column":5}},"type":"if","locations":[{"start":{"line":8,"column":4},"end":{"line":15,"column":5}},{"start":{"line":10,"column":11},"end":{"line":15,"column":5}}],"line":8},"1":{"loc":{"start":{"line":10,"column":11},"end":{"line":15,"column":5}},"type":"if","locations":[{"start":{"line":10,"column":11},"end":{"line":15,"column":5}},{"start":{"line":13,"column":11},"end":{"line":15,"column":5}}],"line":10}},"s":{"0":1,"1":3,"2":3,"3":3,"4":3,"5":1,"6":2,"7":1,"8":1},"f":{"0":3},"b":{"0":[1,2],"1":[1,1]},"_coverageSchema":"1a1c01bbd47fc00a2c39e90264f33305004495a9","hash":"992855a8a3401ccc9cece14a60c4822185c51d0a"}
,"D:\\Project\\home_automation_node\\app\\Schedule\\Handler.js": {"path":"D:\\Project\\home_automation_node\\app\\Schedule\\Handler.js","statementMap":{"0":{"start":{"line":6,"column":8},"end":{"line":13,"column":9}},"1":{"start":{"line":7,"column":25},"end":{"line":7,"column":33}},"2":{"start":{"line":8,"column":27},"end":{"line":8,"column":42}},"3":{"start":{"line":9,"column":16},"end":{"line":9,"column":60}},"4":{"start":{"line":11,"column":12},"end":{"line":11,"column":48}},"5":{"start":{"line":12,"column":12},"end":{"line":12,"column":110}},"6":{"start":{"line":17,"column":8},"end":{"line":24,"column":9}},"7":{"start":{"line":18,"column":23},"end":{"line":18,"column":32}},"8":{"start":{"line":20,"column":12},"end":{"line":20,"column":51}},"9":{"start":{"line":22,"column":12},"end":{"line":22,"column":53}},"10":{"start":{"line":23,"column":12},"end":{"line":23,"column":110}},"11":{"start":{"line":28,"column":8},"end":{"line":35,"column":9}},"12":{"start":{"line":29,"column":25},"end":{"line":29,"column":33}},"13":{"start":{"line":30,"column":67},"end":{"line":30,"column":71}},"14":{"start":{"line":31,"column":12},"end":{"line":31,"column":51}},"15":{"start":{"line":33,"column":12},"end":{"line":33,"column":51}},"16":{"start":{"line":34,"column":12},"end":{"line":34,"column":110}},"17":{"start":{"line":39,"column":8},"end":{"line":45,"column":9}},"18":{"start":{"line":40,"column":25},"end":{"line":40,"column":33}},"19":{"start":{"line":41,"column":12},"end":{"line":41,"column":51}},"20":{"start":{"line":43,"column":12},"end":{"line":43,"column":51}},"21":{"start":{"line":44,"column":12},"end":{"line":44,"column":110}}},"fnMap":{"0":{"name":"(anonymous_0)","decl":{"start":{"line":5,"column":4},"end":{"line":5,"column":5}},"loc":{"start":{"line":5,"column":32},"end":{"line":14,"column":5}},"line":5},"1":{"name":"(anonymous_1)","decl":{"start":{"line":16,"column":4},"end":{"line":16,"column":5}},"loc":{"start":{"line":16,"column":36},"end":{"line":25,"column":5}},"line":16},"2":{"name":"(anonymous_2)","decl":{"start":{"line":27,"column":4},"end":{"line":27,"column":5}},"loc":{"start":{"line":27,"column":35},"end":{"line":36,"column":5}},"line":27},"3":{"name":"(anonymous_3)","decl":{"start":{"line":38,"column":4},"end":{"line":38,"column":5}},"loc":{"start":{"line":38,"column":35},"end":{"line":46,"column":5}},"line":38}},"branchMap":{},"s":{"0":2,"1":2,"2":2,"3":2,"4":1,"5":1,"6":2,"7":2,"8":2,"9":1,"10":1,"11":2,"12":2,"13":2,"14":2,"15":1,"16":1,"17":2,"18":2,"19":2,"20":1,"21":1},"f":{"0":2,"1":2,"2":2,"3":2},"b":{},"_coverageSchema":"1a1c01bbd47fc00a2c39e90264f33305004495a9","hash":"6d93082ed3eed7669ecf964f5518f7c15649fa0f"}
,"D:\\Project\\home_automation_node\\app\\Schedule\\Service.js": {"path":"D:\\Project\\home_automation_node\\app\\Schedule\\Service.js","statementMap":{"0":{"start":{"line":5,"column":8},"end":{"line":29,"column":9}},"1":{"start":{"line":6,"column":65},"end":{"line":6,"column":69}},"2":{"start":{"line":7,"column":34},"end":{"line":11,"column":14}},"3":{"start":{"line":15,"column":32},"end":{"line":22,"column":17}},"4":{"start":{"line":23,"column":16},"end":{"line":23,"column":72}},"5":{"start":{"line":24,"column":16},"end":{"line":24,"column":112}},"6":{"start":{"line":27,"column":12},"end":{"line":27,"column":48}},"7":{"start":{"line":28,"column":12},"end":{"line":28,"column":110}},"8":{"start":{"line":33,"column":8},"end":{"line":52,"column":9}},"9":{"start":{"line":34,"column":28},"end":{"line":38,"column":13}},"10":{"start":{"line":39,"column":33},"end":{"line":47,"column":14}},"11":{"start":{"line":48,"column":12},"end":{"line":48,"column":112}},"12":{"start":{"line":50,"column":12},"end":{"line":50,"column":53}},"13":{"start":{"line":51,"column":12},"end":{"line":51,"column":110}},"14":{"start":{"line":55,"column":8},"end":{"line":79,"column":9}},"15":{"start":{"line":56,"column":78},"end":{"line":56,"column":82}},"16":{"start":{"line":57,"column":27},"end":{"line":61,"column":14}},"17":{"start":{"line":62,"column":12},"end":{"line":75,"column":13}},"18":{"start":{"line":63,"column":16},"end":{"line":63,"column":95}},"19":{"start":{"line":65,"column":32},"end":{"line":72,"column":17}},"20":{"start":{"line":73,"column":16},"end":{"line":73,"column":63}},"21":{"start":{"line":74,"column":16},"end":{"line":74,"column":114}},"22":{"start":{"line":77,"column":12},"end":{"line":77,"column":51}},"23":{"start":{"line":78,"column":12},"end":{"line":78,"column":110}},"24":{"start":{"line":83,"column":8},"end":{"line":99,"column":9}},"25":{"start":{"line":84,"column":27},"end":{"line":84,"column":31}},"26":{"start":{"line":85,"column":27},"end":{"line":89,"column":14}},"27":{"start":{"line":90,"column":12},"end":{"line":95,"column":13}},"28":{"start":{"line":91,"column":16},"end":{"line":91,"column":102}},"29":{"start":{"line":93,"column":16},"end":{"line":93,"column":38}},"30":{"start":{"line":94,"column":16},"end":{"line":94,"column":114}},"31":{"start":{"line":97,"column":12},"end":{"line":97,"column":50}},"32":{"start":{"line":98,"column":12},"end":{"line":98,"column":110}}},"fnMap":{"0":{"name":"(anonymous_0)","decl":{"start":{"line":4,"column":4},"end":{"line":4,"column":5}},"loc":{"start":{"line":4,"column":41},"end":{"line":30,"column":5}},"line":4},"1":{"name":"(anonymous_1)","decl":{"start":{"line":32,"column":4},"end":{"line":32,"column":5}},"loc":{"start":{"line":32,"column":36},"end":{"line":53,"column":5}},"line":32},"2":{"name":"(anonymous_2)","decl":{"start":{"line":54,"column":4},"end":{"line":54,"column":5}},"loc":{"start":{"line":54,"column":36},"end":{"line":80,"column":5}},"line":54},"3":{"name":"(anonymous_3)","decl":{"start":{"line":82,"column":4},"end":{"line":82,"column":5}},"loc":{"start":{"line":82,"column":36},"end":{"line":100,"column":5}},"line":82}},"branchMap":{"0":{"loc":{"start":{"line":34,"column":28},"end":{"line":38,"column":13}},"type":"cond-expr","locations":[{"start":{"line":34,"column":40},"end":{"line":36,"column":13}},{"start":{"line":36,"column":14},"end":{"line":38,"column":13}}],"line":34},"1":{"loc":{"start":{"line":62,"column":12},"end":{"line":75,"column":13}},"type":"if","locations":[{"start":{"line":62,"column":12},"end":{"line":75,"column":13}},{"start":{"line":64,"column":19},"end":{"line":75,"column":13}}],"line":62},"2":{"loc":{"start":{"line":90,"column":12},"end":{"line":95,"column":13}},"type":"if","locations":[{"start":{"line":90,"column":12},"end":{"line":95,"column":13}},{"start":{"line":92,"column":19},"end":{"line":95,"column":13}}],"line":90}},"s":{"0":1,"1":1,"2":1,"3":1,"4":1,"5":1,"6":0,"7":0,"8":1,"9":1,"10":1,"11":1,"12":0,"13":0,"14":2,"15":2,"16":2,"17":2,"18":1,"19":1,"20":1,"21":1,"22":0,"23":0,"24":2,"25":2,"26":2,"27":2,"28":1,"29":1,"30":1,"31":0,"32":0},"f":{"0":1,"1":1,"2":2,"3":2},"b":{"0":[1,0],"1":[1,1],"2":[1,1]},"_coverageSchema":"1a1c01bbd47fc00a2c39e90264f33305004495a9","hash":"11bc70f0a38264191cf4c3d4e063f68d5c25165d"}
,"D:\\Project\\home_automation_node\\app\\Schedule\\Validation.js": {"path":"D:\\Project\\home_automation_node\\app\\Schedule\\Validation.js","statementMap":{"0":{"start":{"line":3,"column":26},"end":{"line":23,"column":1}},"1":{"start":{"line":5,"column":17},"end":{"line":5,"column":25}},"2":{"start":{"line":6,"column":19},"end":{"line":6,"column":34}},"3":{"start":{"line":7,"column":61},"end":{"line":7,"column":65}},"4":{"start":{"line":8,"column":4},"end":{"line":22,"column":5}},"5":{"start":{"line":9,"column":8},"end":{"line":9,"column":106}},"6":{"start":{"line":10,"column":11},"end":{"line":22,"column":5}},"7":{"start":{"line":11,"column":8},"end":{"line":11,"column":103}},"8":{"start":{"line":13,"column":9},"end":{"line":22,"column":5}},"9":{"start":{"line":14,"column":8},"end":{"line":14,"column":103}},"10":{"start":{"line":16,"column":9},"end":{"line":22,"column":5}},"11":{"start":{"line":17,"column":8},"end":{"line":17,"column":107}},"12":{"start":{"line":18,"column":11},"end":{"line":22,"column":5}},"13":{"start":{"line":19,"column":8},"end":{"line":19,"column":105}},"14":{"start":{"line":21,"column":8},"end":{"line":21,"column":14}}},"fnMap":{"0":{"name":"(anonymous_0)","decl":{"start":{"line":3,"column":26},"end":{"line":3,"column":27}},"loc":{"start":{"line":3,"column":46},"end":{"line":23,"column":1}},"line":3}},"branchMap":{"0":{"loc":{"start":{"line":8,"column":4},"end":{"line":22,"column":5}},"type":"if","locations":[{"start":{"line":8,"column":4},"end":{"line":22,"column":5}},{"start":{"line":10,"column":11},"end":{"line":22,"column":5}}],"line":8},"1":{"loc":{"start":{"line":10,"column":11},"end":{"line":22,"column":5}},"type":"if","locations":[{"start":{"line":10,"column":11},"end":{"line":22,"column":5}},{"start":{"line":13,"column":9},"end":{"line":22,"column":5}}],"line":10},"2":{"loc":{"start":{"line":13,"column":9},"end":{"line":22,"column":5}},"type":"if","locations":[{"start":{"line":13,"column":9},"end":{"line":22,"column":5}},{"start":{"line":16,"column":9},"end":{"line":22,"column":5}}],"line":13},"3":{"loc":{"start":{"line":16,"column":9},"end":{"line":22,"column":5}},"type":"if","locations":[{"start":{"line":16,"column":9},"end":{"line":22,"column":5}},{"start":{"line":18,"column":11},"end":{"line":22,"column":5}}],"line":16},"4":{"loc":{"start":{"line":18,"column":11},"end":{"line":22,"column":5}},"type":"if","locations":[{"start":{"line":18,"column":11},"end":{"line":22,"column":5}},{"start":{"line":20,"column":11},"end":{"line":22,"column":5}}],"line":18}},"s":{"0":1,"1":2,"2":2,"3":2,"4":2,"5":1,"6":1,"7":0,"8":1,"9":0,"10":1,"11":0,"12":1,"13":0,"14":1},"f":{"0":2},"b":{"0":[1,1],"1":[0,1],"2":[0,1],"3":[0,1],"4":[0,1]},"_coverageSchema":"1a1c01bbd47fc00a2c39e90264f33305004495a9","hash":"4da22a15a1fd87234cd4db35a917807de0a3e2b8"}
}
