TN:
SF:app\Device\Handler.js
FN:5,(anonymous_0)
FN:16,(anonymous_1)
FN:26,(anonymous_2)
FN:36,(anonymous_3)
FNF:4
FNH:4
FNDA:2,(anonymous_0)
FNDA:2,(anonymous_1)
FNDA:2,(anonymous_2)
FNDA:2,(anonymous_3)
DA:6,2
DA:8,2
DA:11,2
DA:12,2
DA:17,2
DA:18,2
DA:19,2
DA:21,1
DA:22,1
DA:27,2
DA:28,2
DA:29,2
DA:31,1
DA:32,1
DA:37,2
DA:38,2
DA:39,2
DA:41,1
DA:42,1
LF:19
LH:19
BRF:0
BRH:0
end_of_record
TN:
SF:app\Device\Service.js
FN:4,(anonymous_0)
FN:31,(anonymous_1)
FN:51,(anonymous_2)
FN:78,(anonymous_3)
FNF:4
FNH:4
FNDA:3,(anonymous_0)
FNDA:2,(anonymous_1)
FNDA:3,(anonymous_2)
FNDA:3,(anonymous_3)
DA:5,3
DA:6,3
DA:7,3
DA:12,0
DA:13,0
DA:15,0
DA:22,0
DA:23,0
DA:26,3
DA:27,3
DA:32,2
DA:33,2
DA:38,0
DA:45,0
DA:47,2
DA:48,2
DA:52,3
DA:53,3
DA:54,3
DA:59,0
DA:60,0
DA:62,0
DA:69,0
DA:70,0
DA:73,3
DA:74,3
DA:79,3
DA:80,3
DA:81,3
DA:86,0
DA:87,0
DA:89,0
DA:90,0
DA:93,3
DA:94,3
LF:35
LH:19
BRDA:12,0,0,0
BRDA:12,0,1,0
BRDA:33,1,0,2
BRDA:33,1,1,0
BRDA:59,2,0,0
BRDA:59,2,1,0
BRDA:86,3,0,0
BRDA:86,3,1,0
BRF:8
BRH:1
end_of_record
TN:
SF:app\Device\Validation.js
FN:3,(anonymous_0)
FNF:1
FNH:1
FNDA:2,(anonymous_0)
DA:3,1
DA:4,2
DA:5,2
DA:6,2
DA:7,2
DA:8,1
DA:9,1
DA:10,0
DA:12,1
DA:13,0
DA:15,1
LF:11
LH:9
BRDA:7,0,0,1
BRDA:7,0,1,1
BRDA:9,1,0,0
BRDA:9,1,1,1
BRDA:12,2,0,0
BRDA:12,2,1,1
BRF:6
BRH:4
end_of_record
TN:
SF:app\Home\Handler.js
FN:5,(anonymous_0)
FN:19,(anonymous_1)
FN:30,(anonymous_2)
FN:41,(anonymous_3)
FNF:4
FNH:4
FNDA:2,(anonymous_0)
FNDA:2,(anonymous_1)
FNDA:2,(anonymous_2)
FNDA:2,(anonymous_3)
DA:6,2
DA:7,2
DA:8,2
DA:9,2
DA:11,2
DA:14,1
DA:15,1
DA:20,2
DA:21,2
DA:23,0
DA:25,2
DA:26,2
DA:31,2
DA:32,2
DA:33,2
DA:34,2
DA:36,1
DA:37,1
DA:42,2
DA:43,2
DA:44,2
DA:46,1
DA:47,1
LF:23
LH:22
BRF:0
BRH:0
end_of_record
TN:
SF:app\Home\Service.js
FN:4,(anonymous_0)
FN:29,(anonymous_1)
FN:42,(anonymous_2)
FN:66,(anonymous_3)
FNF:4
FNH:4
FNDA:3,(anonymous_0)
FNDA:2,(anonymous_1)
FNDA:3,(anonymous_2)
FNDA:3,(anonymous_3)
DA:5,3
DA:6,3
DA:7,3
DA:12,0
DA:13,0
DA:15,0
DA:20,0
DA:21,0
DA:24,3
DA:25,3
DA:30,2
DA:31,2
DA:36,0
DA:38,2
DA:39,2
DA:43,3
DA:44,3
DA:45,3
DA:50,0
DA:51,0
DA:53,0
DA:57,0
DA:58,0
DA:61,3
DA:62,3
DA:67,3
DA:68,3
DA:69,3
DA:74,0
DA:75,0
DA:77,0
DA:78,0
DA:81,3
DA:82,3
LF:34
LH:19
BRDA:12,0,0,0
BRDA:12,0,1,0
BRDA:50,1,0,0
BRDA:50,1,1,0
BRDA:74,2,0,0
BRDA:74,2,1,0
BRF:6
BRH:0
end_of_record
TN:
SF:app\Home\Validation.js
FN:3,(anonymous_0)
FNF:1
FNH:1
FNDA:2,(anonymous_0)
DA:3,1
DA:4,2
DA:5,2
DA:6,2
DA:7,2
DA:8,1
DA:10,1
LF:7
LH:7
BRDA:7,0,0,1
BRDA:7,0,1,1
BRF:2
BRH:2
end_of_record
TN:
SF:app\Room\Handler.js
FN:5,(anonymous_0)
FN:21,(anonymous_1)
FN:31,(anonymous_2)
FN:41,(anonymous_3)
FNF:4
FNH:4
FNDA:2,(anonymous_0)
FNDA:2,(anonymous_1)
FNDA:2,(anonymous_2)
FNDA:2,(anonymous_3)
DA:6,2
DA:7,2
DA:8,2
DA:9,2
DA:10,2
DA:11,2
DA:13,0
DA:16,0
DA:17,0
DA:22,2
DA:23,2
DA:24,2
DA:26,1
DA:27,1
DA:32,2
DA:33,2
DA:34,2
DA:36,1
DA:37,1
DA:42,2
DA:43,2
DA:44,2
DA:47,1
LF:23
LH:20
BRDA:10,0,0,2
BRDA:10,0,1,0
BRF:2
BRH:1
end_of_record
TN:
SF:app\Room\Service.js
FN:4,(anonymous_0)
FN:29,(anonymous_1)
FN:49,(anonymous_2)
FN:74,(anonymous_3)
FNF:4
FNH:4
FNDA:3,(anonymous_0)
FNDA:2,(anonymous_1)
FNDA:3,(anonymous_2)
FNDA:3,(anonymous_3)
DA:5,3
DA:6,3
DA:7,3
DA:12,3
DA:13,1
DA:15,2
DA:20,2
DA:21,1
DA:24,1
DA:25,1
DA:30,2
DA:31,2
DA:35,2
DA:43,1
DA:45,1
DA:46,1
DA:50,3
DA:51,3
DA:52,3
DA:57,3
DA:58,1
DA:60,2
DA:65,2
DA:66,1
DA:69,1
DA:70,1
DA:75,3
DA:76,3
DA:77,3
DA:82,3
DA:83,1
DA:85,2
DA:86,1
DA:89,1
DA:90,1
LF:35
LH:35
BRDA:12,0,0,1
BRDA:12,0,1,2
BRDA:31,1,0,2
BRDA:31,1,1,0
BRDA:57,2,0,1
BRDA:57,2,1,2
BRDA:82,3,0,1
BRDA:82,3,1,2
BRF:8
BRH:7
end_of_record
TN:
SF:app\Room\Validation.js
FN:3,(anonymous_0)
FNF:1
FNH:1
FNDA:3,(anonymous_0)
DA:3,1
DA:5,3
DA:6,3
DA:7,3
DA:8,3
DA:9,1
DA:10,2
DA:11,1
DA:14,1
LF:9
LH:9
BRDA:8,0,0,1
BRDA:8,0,1,2
BRDA:10,1,0,1
BRDA:10,1,1,1
BRF:4
BRH:4
end_of_record
TN:
SF:app\Schedule\Handler.js
FN:5,(anonymous_0)
FN:16,(anonymous_1)
FN:27,(anonymous_2)
FN:38,(anonymous_3)
FNF:4
FNH:4
FNDA:2,(anonymous_0)
FNDA:2,(anonymous_1)
FNDA:2,(anonymous_2)
FNDA:2,(anonymous_3)
DA:6,2
DA:7,2
DA:8,2
DA:9,2
DA:11,1
DA:12,1
DA:17,2
DA:18,2
DA:20,2
DA:22,1
DA:23,1
DA:28,2
DA:29,2
DA:30,2
DA:31,2
DA:33,1
DA:34,1
DA:39,2
DA:40,2
DA:41,2
DA:43,1
DA:44,1
LF:22
LH:22
BRF:0
BRH:0
end_of_record
TN:
SF:app\Schedule\Service.js
FN:4,(anonymous_0)
FN:32,(anonymous_1)
FN:54,(anonymous_2)
FN:82,(anonymous_3)
FNF:4
FNH:4
FNDA:1,(anonymous_0)
FNDA:1,(anonymous_1)
FNDA:2,(anonymous_2)
FNDA:2,(anonymous_3)
DA:5,1
DA:6,1
DA:7,1
DA:15,1
DA:23,1
DA:24,1
DA:27,0
DA:28,0
DA:33,1
DA:34,1
DA:39,1
DA:48,1
DA:50,0
DA:51,0
DA:55,2
DA:56,2
DA:57,2
DA:62,2
DA:63,1
DA:65,1
DA:73,1
DA:74,1
DA:77,0
DA:78,0
DA:83,2
DA:84,2
DA:85,2
DA:90,2
DA:91,1
DA:93,1
DA:94,1
DA:97,0
DA:98,0
LF:33
LH:25
BRDA:34,0,0,1
BRDA:34,0,1,0
BRDA:62,1,0,1
BRDA:62,1,1,1
BRDA:90,2,0,1
BRDA:90,2,1,1
BRF:6
BRH:5
end_of_record
TN:
SF:app\Schedule\Validation.js
FN:3,(anonymous_0)
FNF:1
FNH:1
FNDA:2,(anonymous_0)
DA:3,1
DA:5,2
DA:6,2
DA:7,2
DA:8,2
DA:9,1
DA:10,1
DA:11,0
DA:13,1
DA:14,0
DA:16,1
DA:17,0
DA:18,1
DA:19,0
DA:21,1
LF:15
LH:11
BRDA:8,0,0,1
BRDA:8,0,1,1
BRDA:10,1,0,0
BRDA:10,1,1,1
BRDA:13,2,0,0
BRDA:13,2,1,1
BRDA:16,3,0,0
BRDA:16,3,1,1
BRDA:18,4,0,0
BRDA:18,4,1,1
BRF:10
BRH:6
end_of_record
