TN:
SF:app\Home\Service.js
FN:4,(anonymous_0)
FN:29,(anonymous_1)
FN:40,(anonymous_2)
FN:64,(anonymous_3)
FNF:4
FNH:4
FNDA:3,(anonymous_0)
FNDA:2,(anonymous_1)
FNDA:3,(anonymous_2)
FNDA:3,(anonymous_3)
DA:5,3
DA:6,3
DA:7,3
DA:12,0
DA:13,0
DA:15,0
DA:20,0
DA:21,0
DA:24,3
DA:25,3
DA:30,2
DA:31,2
DA:34,0
DA:36,2
DA:37,2
DA:41,3
DA:42,3
DA:43,3
DA:48,0
DA:49,0
DA:51,0
DA:55,0
DA:56,0
DA:59,3
DA:60,3
DA:65,3
DA:66,3
DA:67,3
DA:72,0
DA:73,0
DA:75,0
DA:76,0
DA:79,3
DA:80,3
LF:34
LH:19
BRDA:12,0,0,0
BRDA:12,0,1,0
BRDA:48,1,0,0
BRDA:48,1,1,0
BRDA:72,2,0,0
BRDA:72,2,1,0
BRF:6
BRH:0
end_of_record
TN:
SF:app\Room\Service.js
FN:4,(anonymous_0)
FN:29,(anonymous_1)
FN:49,(anonymous_2)
FN:74,(anonymous_3)
FNF:4
FNH:4
FNDA:3,(anonymous_0)
FNDA:2,(anonymous_1)
FNDA:3,(anonymous_2)
FNDA:3,(anonymous_3)
DA:5,3
DA:6,3
DA:7,3
DA:12,3
DA:13,1
DA:15,2
DA:20,2
DA:21,1
DA:24,1
DA:25,1
DA:30,2
DA:31,2
DA:35,2
DA:43,1
DA:45,1
DA:46,1
DA:50,3
DA:51,3
DA:52,3
DA:57,3
DA:58,1
DA:60,2
DA:65,2
DA:66,1
DA:69,1
DA:70,1
DA:75,3
DA:76,3
DA:77,3
DA:82,3
DA:83,1
DA:85,2
DA:86,1
DA:89,1
DA:90,1
LF:35
LH:35
BRDA:12,0,0,1
BRDA:12,0,1,2
BRDA:31,1,0,2
BRDA:31,1,1,0
BRDA:57,2,0,1
BRDA:57,2,1,2
BRDA:82,3,0,1
BRDA:82,3,1,2
BRF:8
BRH:7
end_of_record
TN:
SF:app\Schedule\Handler.js
FN:5,(anonymous_0)
FN:16,(anonymous_1)
FN:27,(anonymous_2)
FN:38,(anonymous_3)
FNF:4
FNH:4
FNDA:2,(anonymous_0)
FNDA:2,(anonymous_1)
FNDA:2,(anonymous_2)
FNDA:2,(anonymous_3)
DA:6,2
DA:7,2
DA:8,2
DA:9,2
DA:11,1
DA:12,1
DA:17,2
DA:18,2
DA:20,2
DA:22,1
DA:23,1
DA:28,2
DA:29,2
DA:30,2
DA:31,2
DA:33,1
DA:34,1
DA:39,2
DA:40,2
DA:41,2
DA:43,1
DA:44,1
LF:22
LH:22
BRF:0
BRH:0
end_of_record
TN:
SF:app\Schedule\Service.js
FN:4,(anonymous_0)
FN:32,(anonymous_1)
FN:54,(anonymous_2)
FN:82,(anonymous_3)
FNF:4
FNH:4
FNDA:1,(anonymous_0)
FNDA:1,(anonymous_1)
FNDA:2,(anonymous_2)
FNDA:2,(anonymous_3)
DA:5,1
DA:6,1
DA:7,1
DA:15,1
DA:23,1
DA:24,1
DA:27,0
DA:28,0
DA:33,1
DA:34,1
DA:39,1
DA:48,1
DA:50,0
DA:51,0
DA:55,2
DA:56,2
DA:57,2
DA:62,2
DA:63,1
DA:65,1
DA:73,1
DA:74,1
DA:77,0
DA:78,0
DA:83,2
DA:84,2
DA:85,2
DA:90,2
DA:91,1
DA:93,1
DA:94,1
DA:97,0
DA:98,0
LF:33
LH:25
BRDA:34,0,0,1
BRDA:34,0,1,0
BRDA:62,1,0,1
BRDA:62,1,1,1
BRDA:90,2,0,1
BRDA:90,2,1,1
BRF:6
BRH:5
end_of_record
TN:
SF:app\Schedule\Validation.js
FN:3,(anonymous_0)
FNF:1
FNH:1
FNDA:2,(anonymous_0)
DA:3,1
DA:5,2
DA:6,2
DA:7,2
DA:8,2
DA:9,1
DA:10,1
DA:11,0
DA:13,1
DA:14,0
DA:16,1
DA:17,0
DA:18,1
DA:19,0
DA:21,1
LF:15
LH:11
BRDA:8,0,0,1
BRDA:8,0,1,1
BRDA:10,1,0,0
BRDA:10,1,1,1
BRDA:13,2,0,0
BRDA:13,2,1,1
BRDA:16,3,0,0
BRDA:16,3,1,1
BRDA:18,4,0,0
BRDA:18,4,1,1
BRF:10
BRH:6
end_of_record
